# Time-averaged data for fix pe_output
# TimeStep v_pe_aSiAverage v_pe_cSiAverage v_pe_aSi_pureAverage v_pe_cSi_pureAverage v_excessEnergy
3860000 -4.30542 -4.20839 -4.3513 -4.31735 -0.0970288
3870000 -4.31228 -4.23545 -4.35265 -4.35975 -0.0768254
3880000 -4.30573 -4.24009 -4.34775 -4.36778 -0.0656401
3890000 -4.30635 -4.23928 -4.34473 -4.36656 -0.0670734
3900000 -4.29887 -4.24438 -4.33155 -4.36405 -0.0544962
3910000 -4.29902 -4.24427 -4.33539 -4.35908 -0.05475
3920000 -4.29931 -4.23562 -4.33709 -4.35795 -0.0636906
3930000 -4.29296 -4.23977 -4.33582 -4.36005 -0.0531911
3940000 -4.29467 -4.24273 -4.33388 -4.37108 -0.051939
3950000 -4.2855 -4.24768 -4.32581 -4.35434 -0.0378224
3960000 -4.28261 -4.27254 -4.31498 -4.35601 -0.0100645
3970000 -4.27841 -4.2742 -4.31634 -4.35855 -0.0042129
3980000 -4.27344 -4.32341 -4.31357 -4.37823 0.0499677
3990000 -4.27792 -4.30989 -4.31682 -4.3688 0.0319672
4000000 -4.27494 -4.31447 -4.31043 -4.37128 0.0395321
4010000 -4.26792 -4.30824 -4.31065 -4.37457 0.0403188
4020000 -4.26571 -4.31547 -4.30133 -4.36432 0.0497613
4030000 -4.26682 -4.31279 -4.29681 -4.36895 0.0459667
4040000 -4.26386 -4.34086 -4.29575 -4.40498 0.0769932
4050000 -4.25323 -4.33951 -4.29451 -4.39683 0.0862733
4060000 -4.25006 -4.32899 -4.2826 -4.39733 0.078934
4070000 -4.25055 -4.3464 -4.28255 -4.41452 0.095853
4080000 -4.25505 -4.33469 -4.28329 -4.40113 0.0796442
4090000 -4.24079 -4.33602 -4.26859 -4.40204 0.0952217
4100000 -4.23494 -4.33443 -4.26605 -4.40607 0.0994902
4110000 -4.24201 -4.34622 -4.27161 -4.42055 0.104206
4120000 -4.23158 -4.35186 -4.25503 -4.41791 0.120272
4130000 -4.23379 -4.37567 -4.25957 -4.42524 0.141879
4140000 -4.23005 -4.36582 -4.25028 -4.44522 0.135778
4150000 -4.23839 -4.36186 -4.25544 -4.43089 0.123474
4160000 -4.22913 -4.35698 -4.24495 -4.44434 0.127845
4170000 -4.19943 -4.38479 -4.22606 -4.42996 0.185364
4180000 -4.21807 -4.38187 -4.2377 -4.44133 0.163796
4190000 -4.22557 -4.3912 -4.24588 -4.45532 0.165631
4200000 -4.21969 -4.37094 -4.25164 -4.43931 0.151244
4210000 -4.22299 -4.3773 -4.22069 -4.43776 0.154316
4220000 -4.20998 -4.37777 -4.21544 -4.4421 0.167789
4230000 -4.21034 -4.40641 -4.2239 -4.45432 0.196076
4240000 -4.20557 -4.3817 -4.20143 -4.43111 0.176129
4250000 -4.19101 -4.40151 -4.19681 -4.44709 0.210506
4260000 -4.19561 -4.40597 -4.19375 -4.46339 0.210361
4270000 -4.19311 -4.39359 -4.17994 -4.44579 0.200484
4280000 -4.17869 -4.3942 -4.15516 -4.44754 0.215505
4290000 -4.16884 -4.39132 -4.1568 -4.44697 0.222479
4300000 -4.17207 -4.39493 -4.16556 -4.44805 0.22286
4310000 -4.16837 -4.40189 -4.15006 -4.45636 0.233522
4320000 -4.17206 -4.38811 -4.16099 -4.43641 0.21605
4330000 -4.18302 -4.3902 -4.16293 -4.44451 0.20719
4340000 -4.16767 -4.40122 -4.15795 -4.42806 0.233547
4350000 -4.16422 -4.3995 -4.15525 -4.43025 0.235285
4360000 -4.17344 -4.39913 -4.16364 -4.43843 0.225688
4370000 -4.15478 -4.40503 -4.13463 -4.43539 0.25025
4380000 -4.16716 -4.41882 -4.15105 -4.45913 0.251655
4390000 -4.16578 -4.41684 -4.13814 -4.45377 0.251054
4400000 -4.16843 -4.41888 -4.14782 -4.45287 0.25045
4410000 -4.15189 -4.42106 -4.14722 -4.45991 0.269175
4420000 -4.14129 -4.40629 -4.13079 -4.44768 0.265006
4430000 -4.15212 -4.41908 -4.1341 -4.46039 0.266961
4440000 -4.18766 -4.41122 -4.15899 -4.45378 0.223563
4450000 -4.176 -4.41131 -4.15938 -4.45507 0.235308
4460000 -4.17727 -4.42477 -4.17798 -4.46012 0.247504
4470000 -4.1875 -4.42705 -4.17635 -4.46235 0.239557
4480000 -4.14792 -4.42752 -4.12329 -4.45052 0.279599
4490000 -4.19983 -4.44231 -4.17711 -4.475 0.242486
4500000 -4.16846 -4.44393 -4.14286 -4.47877 0.275471
4510000 -4.17357 -4.44748 -4.15264 -4.47842 0.273906
4520000 -4.16984 -4.4444 -4.14913 -4.48133 0.274565
4530000 -4.1842 -4.44629 -4.15818 -4.4827 0.262091
4540000 -4.20161 -4.4475 -4.15717 -4.48488 0.245891
4550000 -4.21231 -4.44709 -4.19073 -4.48545 0.234783
4560000 -4.1944 -4.45008 -4.16327 -4.49102 0.255679
4570000 -4.20265 -4.45366 -4.16534 -4.4896 0.251011
4580000 -4.18728 -4.44622 -4.15229 -4.48525 0.258938
4590000 -4.20768 -4.44976 -4.17909 -4.47988 0.242075
4600000 -4.19765 -4.44147 -4.17965 -4.47783 0.243828
4610000 -4.19737 -4.44137 -4.17302 -4.47882 0.244009
4620000 -4.19539 -4.44335 -4.16117 -4.48042 0.24796
4630000 -4.20548 -4.44894 -4.17126 -4.47804 0.243459
4640000 -4.208 -4.44527 -4.18006 -4.48214 0.237267
4650000 -4.21695 -4.44902 -4.19368 -4.4777 0.232075
4660000 -4.20702 -4.44605 -4.19341 -4.47316 0.23903
4670000 -4.21968 -4.45363 -4.20322 -4.484 0.233954
4680000 -4.21911 -4.44406 -4.19862 -4.48057 0.224948
4690000 -4.2185 -4.44833 -4.19536 -4.48074 0.229834
4700000 -4.23098 -4.4502 -4.20248 -4.48552 0.219224
4710000 -4.22741 -4.44768 -4.19846 -4.48571 0.220275
4720000 -4.23838 -4.45802 -4.20479 -4.49012 0.21964
4730000 -4.22959 -4.45025 -4.20382 -4.48441 0.220658
4740000 -4.24424 -4.45118 -4.21895 -4.48765 0.206944
4750000 -4.22909 -4.43952 -4.20394 -4.46357 0.210427
4760000 -4.23739 -4.44587 -4.2182 -4.48233 0.208481
4770000 -4.23917 -4.46069 -4.21619 -4.49512 0.221526
4780000 -4.2337 -4.46048 -4.21483 -4.48839 0.22678
4790000 -4.23214 -4.46259 -4.20389 -4.50018 0.230447
4800000 -4.23198 -4.45901 -4.21408 -4.49003 0.22703
4810000 -4.24209 -4.46172 -4.21699 -4.49205 0.21963
4820000 -4.22648 -4.45612 -4.21117 -4.49207 0.229642
4830000 -4.23453 -4.45996 -4.21134 -4.49579 0.225423
4840000 -4.24401 -4.46033 -4.21753 -4.48737 0.216319
4850000 -4.22929 -4.46761 -4.19394 -4.49686 0.238325
4860000 -4.2412 -4.46477 -4.21716 -4.49616 0.223575
4870000 -4.25065 -4.46607 -4.21112 -4.50434 0.215425
4880000 -4.24507 -4.46388 -4.2126 -4.49295 0.218812
4890000 -4.24176 -4.46912 -4.2132 -4.50173 0.22736
4900000 -4.25422 -4.47662 -4.21363 -4.51005 0.222401
4910000 -4.25633 -4.47096 -4.21888 -4.50441 0.214631
4920000 -4.25407 -4.47367 -4.21969 -4.50919 0.2196
4930000 -4.24827 -4.4633 -4.21579 -4.49635 0.21503
4940000 -4.27183 -4.4751 -4.23567 -4.50794 0.203271
4950000 -4.25673 -4.46491 -4.21718 -4.49792 0.208183
4960000 -4.26222 -4.4672 -4.22768 -4.50188 0.204977
4970000 -4.27698 -4.47174 -4.23694 -4.50431 0.194766
4980000 -4.26683 -4.46122 -4.21492 -4.49174 0.194389
4990000 -4.28083 -4.47093 -4.24322 -4.50322 0.190103
5000000 -4.26013 -4.4713 -4.23621 -4.50671 0.211179
5010000 -4.27814 -4.47732 -4.23413 -4.50974 0.19918
5020000 -4.26905 -4.47149 -4.22765 -4.50052 0.202438
5030000 -4.28594 -4.47669 -4.25014 -4.51069 0.190749
5040000 -4.28165 -4.47402 -4.24216 -4.5059 0.192369
5050000 -4.29112 -4.47138 -4.26376 -4.50008 0.180265
5060000 -4.28005 -4.47133 -4.2535 -4.50597 0.191279
5070000 -4.28806 -4.47191 -4.25719 -4.50371 0.183847
5080000 -4.28765 -4.47195 -4.25329 -4.50361 0.184304
5090000 -4.28853 -4.47285 -4.26087 -4.50574 0.184318
5100000 -4.29498 -4.47277 -4.25989 -4.50546 0.177789
5110000 -4.30412 -4.47047 -4.28638 -4.50355 0.166347
5120000 -4.29913 -4.4718 -4.27235 -4.50556 0.172671
5130000 -4.30192 -4.47251 -4.27204 -4.50694 0.170595
5140000 -4.29128 -4.47156 -4.25791 -4.50615 0.180278
5150000 -4.30666 -4.47506 -4.26466 -4.50688 0.168403
5160000 -4.31193 -4.48053 -4.27396 -4.51111 0.168608
5170000 -4.29739 -4.4699 -4.27058 -4.50249 0.17251
5180000 -4.29714 -4.4768 -4.25754 -4.50909 0.179664
5190000 -4.31167 -4.47968 -4.26831 -4.508 0.16801
5200000 -4.3001 -4.47791 -4.26225 -4.50256 0.177807
5210000 -4.28986 -4.47725 -4.24084 -4.50961 0.187382
5220000 -4.3015 -4.4712 -4.25893 -4.4994 0.169696
5230000 -4.29041 -4.47576 -4.25174 -4.50795 0.185347
5240000 -4.30709 -4.48287 -4.27889 -4.51575 0.17578
5250000 -4.29931 -4.47308 -4.26492 -4.50363 0.17377
5260000 -4.30851 -4.48237 -4.26818 -4.51172 0.173857
5270000 -4.3099 -4.478 -4.26432 -4.50782 0.168097
5280000 -4.30566 -4.47627 -4.26124 -4.50781 0.170614
5290000 -4.30095 -4.47838 -4.25856 -4.51269 0.177423
5300000 -4.30941 -4.47865 -4.25703 -4.51085 0.169241
5310000 -4.30646 -4.479 -4.26684 -4.51264 0.172542
5320000 -4.30514 -4.48082 -4.2629 -4.51199 0.175685
5330000 -4.31687 -4.48317 -4.27972 -4.51372 0.166296
5340000 -4.30864 -4.48228 -4.26961 -4.51245 0.173639
5350000 -4.32214 -4.48458 -4.28408 -4.51589 0.162442
5360000 -4.32184 -4.47954 -4.27879 -4.51475 0.157706
5370000 -4.32957 -4.47472 -4.29344 -4.49808 0.145149
5380000 -4.31679 -4.47647 -4.27786 -4.51015 0.15968
5390000 -4.31456 -4.47142 -4.27669 -4.50544 0.156858
5400000 -4.32284 -4.47741 -4.28686 -4.50617 0.154576
5410000 -4.32176 -4.47575 -4.28376 -4.50359 0.153988
5420000 -4.3252 -4.47455 -4.28942 -4.50222 0.149343
5430000 -4.32605 -4.47618 -4.2935 -4.50584 0.150133
5440000 -4.32335 -4.47778 -4.28938 -4.50393 0.154428
5450000 -4.32936 -4.4782 -4.29351 -4.50541 0.148848
5460000 -4.32049 -4.47403 -4.28456 -4.50256 0.153537
5470000 -4.33356 -4.4805 -4.29892 -4.51266 0.146937
5480000 -4.34577 -4.47014 -4.31127 -4.49926 0.124369
5490000 -4.33612 -4.47211 -4.30028 -4.50511 0.135995
5500000 -4.3315 -4.47754 -4.29832 -4.50804 0.146041
5510000 -4.32989 -4.47635 -4.30319 -4.50729 0.146461
5520000 -4.33756 -4.4752 -4.30936 -4.50773 0.137633
5530000 -4.32701 -4.48063 -4.2899 -4.51377 0.153621
5540000 -4.34221 -4.47798 -4.30862 -4.50767 0.135768
5550000 -4.33756 -4.47974 -4.30336 -4.50988 0.142186
5560000 -4.33347 -4.47571 -4.30431 -4.50594 0.142245
5570000 -4.34121 -4.47744 -4.3096 -4.50734 0.136229
5580000 -4.33446 -4.47736 -4.29787 -4.50635 0.142904
5590000 -4.34333 -4.47912 -4.30303 -4.50728 0.135789
5600000 -4.34173 -4.47267 -4.31765 -4.50167 0.130944
5610000 -4.34274 -4.47547 -4.31393 -4.50235 0.132726
5620000 -4.3453 -4.4715 -4.3164 -4.49741 0.126196
5630000 -4.33831 -4.47921 -4.31431 -4.51031 0.140896
5640000 -4.34405 -4.47988 -4.31427 -4.50792 0.13583
5650000 -4.33863 -4.47956 -4.31008 -4.50763 0.140929
5660000 -4.34685 -4.47854 -4.31497 -4.51028 0.131697
5670000 -4.34058 -4.48212 -4.3042 -4.51419 0.141532
5680000 -4.34177 -4.47859 -4.31085 -4.509 0.136823
5690000 -4.34846 -4.48031 -4.32395 -4.50648 0.131848
5700000 -4.3508 -4.47594 -4.31807 -4.50607 0.125145
5710000 -4.34139 -4.47171 -4.31042 -4.49824 0.130316
5720000 -4.35251 -4.47756 -4.32108 -4.50768 0.125046
5730000 -4.35168 -4.48423 -4.31898 -4.51545 0.132554
5740000 -4.34574 -4.47499 -4.31539 -4.50541 0.129253
5750000 -4.35104 -4.47352 -4.31322 -4.50217 0.122488
5760000 -4.35079 -4.47818 -4.31871 -4.50572 0.127394
5770000 -4.3473 -4.48188 -4.31349 -4.51096 0.134584
5780000 -4.35396 -4.47825 -4.32544 -4.50627 0.124297
5790000 -4.35447 -4.47933 -4.32373 -4.51178 0.124858
5800000 -4.35638 -4.48142 -4.32331 -4.51006 0.125047
5810000 -4.35589 -4.4729 -4.32354 -4.503 0.117016
5820000 -4.34825 -4.47543 -4.31421 -4.50607 0.12718
5830000 -4.35836 -4.47845 -4.32929 -4.50613 0.120088
5840000 -4.3641 -4.4866 -4.33394 -4.51444 0.122502
5850000 -4.35463 -4.47843 -4.32623 -4.50718 0.123808
5860000 -4.36095 -4.48003 -4.3346 -4.50908 0.119085
5870000 -4.35842 -4.48641 -4.32871 -4.51279 0.127983
5880000 -4.36539 -4.48309 -4.33585 -4.51174 0.117702
5890000 -4.36235 -4.48365 -4.32914 -4.51215 0.1213
5900000 -4.36128 -4.47784 -4.32968 -4.50673 0.116564
5910000 -4.36461 -4.48304 -4.3298 -4.50985 0.118428
5920000 -4.36732 -4.48413 -4.33956 -4.51459 0.116806
5930000 -4.3675 -4.47995 -4.33223 -4.50809 0.112451
5940000 -4.3628 -4.48751 -4.33261 -4.516 0.124713
5950000 -4.37346 -4.48793 -4.34703 -4.51723 0.114467
5960000 -4.36987 -4.48378 -4.34373 -4.5132 0.113905
5970000 -4.37252 -4.48254 -4.34741 -4.51167 0.110029
5980000 -4.3651 -4.4783 -4.33856 -4.50593 0.113205
5990000 -4.3722 -4.48466 -4.34749 -4.51055 0.112462
6000000 -4.3747 -4.48054 -4.34504 -4.50878 0.105842
6010000 -4.36865 -4.48213 -4.33528 -4.50459 0.113477
6020000 -4.37563 -4.48423 -4.3433 -4.51133 0.108594
6030000 -4.37349 -4.47945 -4.34007 -4.50666 0.105954
6040000 -4.37781 -4.48051 -4.34701 -4.50448 0.102696
6050000 -4.37265 -4.48536 -4.34026 -4.51082 0.112702
6060000 -4.37971 -4.48516 -4.35014 -4.51159 0.10545
6070000 -4.37886 -4.48826 -4.34687 -4.51485 0.109405
6080000 -4.37751 -4.484 -4.34824 -4.51021 0.106494
6090000 -4.37992 -4.4839 -4.34898 -4.508 0.103979
6100000 -4.38036 -4.48516 -4.34739 -4.51166 0.104801
6110000 -4.37831 -4.48693 -4.34235 -4.51436 0.108622
6120000 -4.38454 -4.48842 -4.35468 -4.51537 0.103874
6130000 -4.3812 -4.48528 -4.35327 -4.5111 0.104086
6140000 -4.3879 -4.48486 -4.35758 -4.51286 0.0969586
6150000 -4.38156 -4.4852 -4.34755 -4.5127 0.103637
6160000 -4.38586 -4.49111 -4.35358 -4.51563 0.105246
6170000 -4.38475 -4.48517 -4.35387 -4.51091 0.100414
6180000 -4.39451 -4.48742 -4.36124 -4.51521 0.0929069
6190000 -4.38462 -4.48964 -4.35036 -4.51757 0.105016
6200000 -4.38566 -4.48872 -4.35407 -4.5134 0.10306
6210000 -4.38838 -4.48337 -4.35965 -4.50948 0.0949933
6220000 -4.39398 -4.48668 -4.36013 -4.51242 0.0927044
6230000 -4.38489 -4.48997 -4.35663 -4.51865 0.105087
6240000 -4.3917 -4.49088 -4.36045 -4.51688 0.0991761
6250000 -4.39447 -4.48579 -4.36494 -4.5141 0.0913173
6260000 -4.39322 -4.48514 -4.3665 -4.51232 0.0919219
6270000 -4.39402 -4.48744 -4.35895 -4.51459 0.0934176
6280000 -4.39694 -4.48711 -4.36423 -4.51465 0.0901698
6290000 -4.3922 -4.48985 -4.35909 -4.5172 0.0976514
6300000 -4.39686 -4.48746 -4.36497 -4.51497 0.0905999
6310000 -4.39479 -4.48717 -4.36432 -4.5157 0.0923772
6320000 -4.39805 -4.4871 -4.36505 -4.5147 0.0890584
6330000 -4.39366 -4.48957 -4.36342 -4.51591 0.0959131
6340000 -4.40128 -4.48827 -4.37219 -4.51541 0.0869809
6350000 -4.40024 -4.4877 -4.36892 -4.51468 0.0874523
6360000 -4.40246 -4.48827 -4.37087 -4.51529 0.0858075
6370000 -4.40102 -4.49021 -4.3706 -4.51736 0.089193
6380000 -4.40359 -4.48755 -4.37469 -4.51635 0.0839577
6390000 -4.40473 -4.49192 -4.3696 -4.5179 0.08719
6400000 -4.40663 -4.49091 -4.37309 -4.51996 0.0842785
6410000 -4.40554 -4.49025 -4.37734 -4.5169 0.0847003
6420000 -4.40665 -4.49053 -4.37823 -4.51639 0.0838822
6430000 -4.40692 -4.49134 -4.37398 -4.5162 0.0844165
6440000 -4.40809 -4.48882 -4.37817 -4.51596 0.080726
6450000 -4.41131 -4.49307 -4.37893 -4.51991 0.0817625
6460000 -4.40793 -4.49287 -4.37781 -4.52052 0.0849444
6470000 -4.41076 -4.4927 -4.37886 -4.51706 0.0819351
6480000 -4.41144 -4.49077 -4.38003 -4.51629 0.0793268
6490000 -4.4146 -4.49234 -4.38478 -4.51848 0.0777392
6500000 -4.41426 -4.49129 -4.37948 -4.51659 0.0770273
6510000 -4.40999 -4.49183 -4.37846 -4.51807 0.0818364
6520000 -4.41415 -4.49011 -4.38461 -4.5148 0.0759573
6530000 -4.41514 -4.49233 -4.38648 -4.51682 0.0771883
6540000 -4.41116 -4.49046 -4.38356 -4.51627 0.0792982
6550000 -4.41454 -4.49264 -4.38596 -4.51793 0.0781031
6560000 -4.41253 -4.49205 -4.38251 -4.51679 0.0795255
6570000 -4.41438 -4.49135 -4.38316 -4.5173 0.0769757
6580000 -4.41267 -4.49102 -4.38173 -4.51649 0.0783492
6590000 -4.40956 -4.49023 -4.37977 -4.51697 0.0806689
6600000 -4.41161 -4.49101 -4.3786 -4.51922 0.0794032
6610000 -4.41347 -4.49286 -4.37875 -4.51839 0.0793831
6620000 -4.41147 -4.48792 -4.37483 -4.51331 0.076445
6630000 -4.41306 -4.49004 -4.38242 -4.51603 0.0769867
6640000 -4.41219 -4.48731 -4.3853 -4.51388 0.0751147
6650000 -4.41634 -4.49316 -4.38366 -4.51843 0.0768217
6660000 -4.41319 -4.49109 -4.37922 -4.51901 0.0778991
6670000 -4.41563 -4.49185 -4.3812 -4.51759 0.0762199
6680000 -4.41242 -4.48899 -4.37909 -4.51605 0.0765707
6690000 -4.41204 -4.492 -4.37976 -4.51703 0.0799623
6700000 -4.41631 -4.49062 -4.38405 -4.51728 0.0743139
6710000 -4.41155 -4.49163 -4.37766 -4.51728 0.0800791
6720000 -4.41353 -4.49086 -4.3826 -4.51819 0.0773366
6730000 -4.4125 -4.49184 -4.38167 -4.5183 0.0793344
6740000 -4.41693 -4.49283 -4.38403 -4.52046 0.075898
6750000 -4.41333 -4.49106 -4.38356 -4.51768 0.077727
6760000 -4.41644 -4.49293 -4.38579 -4.51783 0.0764957
6770000 -4.4158 -4.49308 -4.38405 -4.51923 0.0772749
6780000 -4.4136 -4.49267 -4.38393 -4.51978 0.07907
6790000 -4.4176 -4.49221 -4.38553 -4.51916 0.0746164
6800000 -4.41804 -4.48639 -4.38727 -4.51117 0.0683509
6810000 -4.41512 -4.4876 -4.38021 -4.5137 0.0724836
6820000 -4.41885 -4.48962 -4.38661 -4.51445 0.070767
6830000 -4.4206 -4.49231 -4.39246 -4.5171 0.0717136
6840000 -4.42047 -4.49461 -4.38734 -4.52002 0.0741355
6850000 -4.41787 -4.49235 -4.38858 -4.51762 0.0744828
6860000 -4.42234 -4.49516 -4.39267 -4.52137 0.0728141
6870000 -4.42101 -4.49319 -4.38807 -4.51999 0.0721783
6880000 -4.42312 -4.49154 -4.3924 -4.51829 0.0684168
6890000 -4.42582 -4.49348 -4.39395 -4.51895 0.0676614
6900000 -4.42709 -4.49567 -4.39397 -4.52105 0.0685763
6910000 -4.42559 -4.49471 -4.39146 -4.51946 0.0691181
6920000 -4.42553 -4.49577 -4.39318 -4.52195 0.0702446
6930000 -4.42759 -4.4955 -4.39324 -4.52098 0.0679152
6940000 -4.42981 -4.4951 -4.39699 -4.5208 0.0652893
6950000 -4.42873 -4.49375 -4.3962 -4.51839 0.0650222
6960000 -4.42838 -4.49568 -4.39486 -4.52107 0.0673058
6970000 -4.42977 -4.49385 -4.3973 -4.51953 0.0640822
6980000 -4.43136 -4.49554 -4.39808 -4.52088 0.0641819
6990000 -4.43213 -4.49534 -4.39892 -4.52128 0.0632054
7000000 -4.43363 -4.49482 -4.40143 -4.5201 0.0611923
7010000 -4.4323 -4.49573 -4.39962 -4.52053 0.0634273
7020000 -4.43519 -4.49619 -4.40268 -4.52146 0.0609965
7030000 -4.43423 -4.49608 -4.40324 -4.521 0.0618504
7040000 -4.43606 -4.49489 -4.40438 -4.52096 0.0588379
7050000 -4.43548 -4.49581 -4.4029 -4.52243 0.0603371
7060000 -4.43747 -4.49484 -4.40502 -4.52028 0.0573654
7070000 -4.43803 -4.49636 -4.4062 -4.52091 0.0583344
7080000 -4.43882 -4.49646 -4.40619 -4.52243 0.0576424
7090000 -4.43958 -4.4967 -4.40621 -4.52103 0.0571163
7100000 -4.44018 -4.49696 -4.40777 -4.52186 0.0567765
7110000 -4.43953 -4.49726 -4.40773 -4.52203 0.057726
7120000 -4.4419 -4.4969 -4.40962 -4.52204 0.0549949
7130000 -4.44207 -4.49719 -4.40999 -4.52126 0.0551242
7140000 -4.44352 -4.49699 -4.41098 -4.52193 0.0534779
7150000 -4.4439 -4.49689 -4.41141 -4.52092 0.0529937
7160000 -4.44451 -4.49741 -4.41197 -4.52259 0.0529026
7170000 -4.44488 -4.4977 -4.41293 -4.52184 0.0528229
7180000 -4.44602 -4.49801 -4.41313 -4.52231 0.0519908
7190000 -4.44692 -4.49768 -4.4145 -4.52203 0.050759
7200000 -4.44761 -4.49764 -4.41519 -4.52246 0.0500297
7210000 -4.4483 -4.49817 -4.41598 -4.52316 0.0498797
7220000 -4.44903 -4.49796 -4.41655 -4.52261 0.0489255
7230000 -4.44988 -4.49822 -4.4177 -4.52271 0.0483375
7240000 -4.45055 -4.49846 -4.41832 -4.5229 0.0479028
7250000 -4.45125 -4.49872 -4.419 -4.52319 0.0474768
