# Time-averaged data for fix pe_output_2
# TimeStep v_pe_aSiAverage
1300100 -4.3634
1300200 -4.3634
1300300 -4.3634
1300400 -4.3634
1300500 -4.3634
1300600 -4.3634
1300700 -4.3634
1300800 -4.3634
1300900 -4.3634
1301000 -4.3634
1301100 -4.3634
1301200 -4.3634
1301300 -4.3634
1301400 -4.3634
1301500 -4.3634
1301600 -4.3634
1301700 -4.3634
1301800 -4.3634
1301900 -4.3634
1302000 -4.3634
1302100 -4.3634
1302200 -4.3634
1302300 -4.3634
1302400 -4.3634
1302500 -4.3634
1302600 -4.3634
1302700 -4.3634
1302800 -4.3634
1302900 -4.3634
1303000 -4.3634
1303100 -4.3634
1303200 -4.3634
1303300 -4.3634
1303400 -4.3634
1303500 -4.3634
1303600 -4.3634
1303700 -4.3634
1303800 -4.3634
1303900 -4.3634
1304000 -4.3634
1304100 -4.3634
1304200 -4.3634
1304300 -4.3634
1304400 -4.3634
1304500 -4.3634
1304600 -4.3634
1304700 -4.3634
1304800 -4.3634
1304900 -4.3634
1305000 -4.3634
1305100 -4.3634
1305200 -4.3634
1305300 -4.3634
1305400 -4.3634
1305500 -4.3634
1305600 -4.3634
1305700 -4.3634
1305800 -4.3634
1305900 -4.3634
1306000 -4.3634
1306100 -4.3634
1306200 -4.3634
1306300 -4.3634
1306400 -4.3634
1306500 -4.3634
1306600 -4.3634
1306700 -4.3634
1306800 -4.3634
1306900 -4.3634
1307000 -4.3634
1307100 -4.3634
1307200 -4.3634
1307300 -4.3634
1307400 -4.3634
1307500 -4.3634
1307600 -4.3634
1307700 -4.3634
1307800 -4.3634
1307900 -4.3634
1308000 -4.3634
1308100 -4.3634
1308200 -4.3634
1308300 -4.3634
1308400 -4.3634
1308500 -4.3634
1308600 -4.3634
1308700 -4.3634
1308800 -4.3634
1308900 -4.3634
1309000 -4.3634
1309100 -4.3634
1309200 -4.3634
1309300 -4.3634
1309400 -4.3634
1309500 -4.3634
1309600 -4.3634
1309700 -4.3634
1309800 -4.3634
1309900 -4.3634
1310000 -4.3634
