# Time-averaged data for fix pe_output
# TimeStep v_pe_aSiAverage v_pe_cSiAverage v_pe_aSi_pureAverage v_pe_cSi_pureAverage v_excessEnergy
10000 -4.03415 -4.35463 -3.99404 -4.25348 0.320477
20000 -3.79538 -4.21997 -3.76614 -4.02065 0.424589
30000 -3.7734 -4.12189 -3.77605 -3.9744 0.348495
40000 -3.79607 -4.1827 -3.79897 -4.01058 0.386634
50000 -3.80765 -4.14577 -3.75261 -4.00768 0.338123
60000 -3.79793 -4.15132 -3.75155 -4.03835 0.353385
70000 -3.81562 -4.16895 -3.77495 -4.04892 0.353328
80000 -3.78682 -4.10888 -3.77085 -3.9541 0.322064
90000 -3.75815 -4.11241 -3.76385 -3.96097 0.354265
100000 -3.76918 -4.10427 -3.76802 -3.92815 0.335088
110000 -3.78224 -4.04183 -3.79358 -3.92129 0.259591
120000 -3.76854 -4.00243 -3.78717 -3.93456 0.23389
130000 -3.79714 -4.04626 -3.81402 -3.93419 0.249111
140000 -3.78105 -4.12539 -3.79442 -3.95822 0.344338
150000 -3.80687 -4.13991 -3.79541 -3.96998 0.33304
160000 -3.80148 -4.13576 -3.78071 -4.01424 0.33428
170000 -3.789 -4.06604 -3.78373 -3.9547 0.277045
180000 -3.773 -4.06865 -3.73573 -3.97958 0.295654
190000 -3.82305 -4.12546 -3.85234 -4.00537 0.302411
200000 -3.79446 -4.0549 -3.74403 -4.01207 0.260445
210000 -3.77099 -4.07558 -3.79203 -3.9558 0.304587
220000 -3.77793 -4.05088 -3.80869 -3.90745 0.272944
230000 -3.80892 -4.10427 -3.86188 -3.96124 0.295352
240000 -3.78934 -4.0479 -3.78218 -3.96494 0.25856
250000 -3.78144 -4.13512 -3.79694 -3.97768 0.353679
260000 -3.78982 -4.06275 -3.78118 -3.96611 0.272927
270000 -3.80159 -4.11449 -3.83318 -3.96708 0.3129
280000 -3.79059 -4.11583 -3.78351 -3.99595 0.325235
290000 -3.80546 -4.13603 -3.78544 -3.97053 0.330574
300000 -3.84175 -4.08515 -3.82742 -3.9824 0.2434
310000 -3.81745 -4.11432 -3.81043 -3.99237 0.296869
320000 -3.76458 -4.14901 -3.78711 -3.96154 0.384435
330000 -3.80427 -4.06543 -3.83706 -3.94175 0.261159
340000 -3.81928 -4.14614 -3.79315 -3.99039 0.326868
350000 -3.78962 -4.04507 -3.79577 -3.94313 0.255456
360000 -3.79136 -4.05634 -3.80983 -3.89259 0.264983
370000 -3.80072 -4.07807 -3.79354 -3.97532 0.277357
380000 -3.81136 -4.16655 -3.83655 -3.99467 0.35519
390000 -3.77996 -4.05296 -3.77543 -3.94944 0.272998
400000 -3.80523 -4.0868 -3.79924 -4.00378 0.281568
410000 -3.82823 -4.15158 -3.80284 -3.98936 0.323348
420000 -3.79359 -4.10456 -3.78976 -3.99501 0.31097
430000 -3.8299 -4.1502 -3.79888 -3.99627 0.320293
440000 -3.80339 -4.17315 -3.80998 -4.03432 0.369757
450000 -3.84032 -4.18025 -3.82468 -4.04055 0.339929
460000 -3.82112 -4.13325 -3.82282 -4.00749 0.312128
470000 -3.83349 -4.21498 -3.80208 -4.06155 0.381496
480000 -3.80642 -4.17671 -3.79869 -4.02493 0.370293
490000 -3.80372 -4.1394 -3.815 -4.01986 0.335683
500000 -3.79926 -4.08244 -3.80114 -3.98235 0.28318
510000 -3.8201 -4.13561 -3.81648 -4.00962 0.315513
520000 -3.78761 -4.07084 -3.78815 -3.94998 0.283237
530000 -3.81789 -4.20536 -3.8144 -4.07195 0.387472
540000 -3.80846 -4.09421 -3.80893 -3.95851 0.285755
550000 -3.82012 -4.16413 -3.79494 -4.03316 0.344018
560000 -3.83517 -4.09668 -3.85815 -3.98686 0.261515
570000 -3.85207 -4.27628 -3.88633 -4.08628 0.424218
580000 -3.83637 -4.17851 -3.87212 -4.04937 0.342144
590000 -3.82676 -4.07152 -3.81474 -3.97944 0.24476
600000 -3.81403 -4.10062 -3.81901 -3.94599 0.286586
610000 -3.81685 -4.15341 -3.85512 -4.02487 0.336566
620000 -3.80681 -4.12233 -3.79753 -4.00216 0.31552
630000 -3.8496 -4.07484 -3.87399 -3.94756 0.225238
640000 -3.82461 -4.07902 -3.81288 -3.98283 0.254414
650000 -3.8147 -4.06578 -3.84486 -3.9609 0.251083
660000 -3.79077 -4.14284 -3.75755 -3.96648 0.352075
670000 -3.83942 -4.20893 -3.87273 -4.06108 0.369515
680000 -3.82106 -4.16751 -3.79414 -4.01759 0.34645
690000 -3.83514 -4.13642 -3.7965 -4.03484 0.301279
700000 -3.83234 -4.17108 -3.86084 -3.99797 0.33874
710000 -3.8555 -4.11358 -3.91394 -3.95105 0.258083
720000 -3.86021 -4.12356 -3.87299 -3.99645 0.26335
730000 -3.80149 -4.12698 -3.81551 -3.98662 0.325497
740000 -3.85574 -4.15752 -3.84906 -4.02102 0.301778
750000 -3.85049 -4.16199 -3.86813 -4.00781 0.311504
760000 -3.85618 -4.16683 -3.8787 -4.05494 0.310647
770000 -3.85464 -4.16093 -3.85709 -4.0257 0.306285
780000 -3.82605 -4.13054 -3.85459 -3.99315 0.304481
790000 -3.84889 -4.17655 -3.85859 -3.99715 0.32766
800000 -3.84948 -4.16928 -3.8452 -4.04411 0.319797
810000 -3.8541 -4.21014 -3.86498 -4.06034 0.356033
820000 -3.83666 -4.14227 -3.83702 -3.99995 0.305617
830000 -3.87129 -4.16874 -3.89203 -4.06087 0.297458
840000 -3.83871 -4.18766 -3.83306 -4.03753 0.348942
850000 -3.84668 -4.2204 -3.84869 -4.04814 0.373719
860000 -3.83236 -4.12155 -3.82286 -4.0162 0.289188
870000 -3.88245 -4.13401 -3.85966 -4.03266 0.251562
880000 -3.87477 -4.1634 -3.89087 -4.01993 0.288631
890000 -3.87131 -4.24044 -3.8519 -4.08361 0.369132
900000 -3.86762 -4.21144 -3.86266 -4.04227 0.343815
910000 -3.84744 -4.13306 -3.85593 -4.02813 0.285623
920000 -3.88655 -4.20537 -3.91662 -4.04835 0.318822
930000 -3.88535 -4.22773 -3.87896 -4.08628 0.342373
940000 -3.87891 -4.16982 -3.87441 -4.06099 0.290909
950000 -3.85922 -4.17447 -3.84264 -4.06125 0.315256
960000 -3.87776 -4.19824 -3.86581 -4.07871 0.32048
970000 -3.80859 -4.14486 -3.82082 -4.00843 0.336272
980000 -3.85618 -4.15396 -3.86737 -3.99377 0.297777
990000 -3.88369 -4.26721 -3.86688 -4.11779 0.383523
1000000 -3.87689 -4.12009 -3.88593 -4.05057 0.2432
1010000 -3.86518 -4.12683 -3.87419 -3.97766 0.261653
1020000 -3.87348 -4.13166 -3.9052 -4.00847 0.258173
1030000 -3.90065 -4.25506 -3.88934 -4.09972 0.354415
1040000 -3.87451 -4.13512 -3.91127 -4.02198 0.260609
1050000 -3.89502 -4.20562 -3.90784 -4.09656 0.310599
1060000 -3.87158 -4.25413 -3.88625 -4.05729 0.382556
1070000 -3.86223 -4.19974 -3.88236 -3.99732 0.337509
1080000 -3.90722 -4.20763 -3.90566 -4.0778 0.300407
1090000 -3.88792 -4.2555 -3.85132 -4.12199 0.367573
1100000 -3.85444 -4.1822 -3.83638 -4.0533 0.327758
1110000 -3.88664 -4.20209 -3.87515 -4.08653 0.315446
1120000 -3.91411 -4.29811 -3.90434 -4.15467 0.383997
1130000 -3.88037 -4.25699 -3.85045 -4.07034 0.37662
1140000 -3.88524 -4.19535 -3.89783 -4.04176 0.310114
1150000 -3.89956 -4.20742 -3.91836 -4.06093 0.307858
1160000 -3.90013 -4.1524 -3.91021 -4.03696 0.252271
1170000 -3.90149 -4.27365 -3.87362 -4.09786 0.372169
1180000 -3.88151 -4.20949 -3.87885 -4.09151 0.327981
1190000 -3.90323 -4.23793 -3.85445 -4.11385 0.334692
1200000 -3.91249 -4.20812 -3.91226 -4.0599 0.295631
1210000 -3.91405 -4.26937 -3.89199 -4.12882 0.355321
1220000 -3.89396 -4.29966 -3.88514 -4.13302 0.4057
1230000 -3.89056 -4.21461 -3.92554 -4.03051 0.324057
1240000 -3.95283 -4.26283 -3.95688 -4.10698 0.309999
1250000 -3.86774 -4.29095 -3.86524 -4.11586 0.423211
1260000 -3.91079 -4.31157 -3.88744 -4.16314 0.400781
1270000 -3.92876 -4.2894 -3.89527 -4.14941 0.360648
1280000 -3.91046 -4.26932 -3.89977 -4.12711 0.358867
1290000 -3.90707 -4.27537 -3.90501 -4.1368 0.368301
1300000 -3.9404 -4.23963 -3.93019 -4.11028 0.299232
1310000 -3.92981 -4.22396 -3.93909 -4.10075 0.29415
1320000 -3.89823 -4.2352 -3.90632 -4.09521 0.336976
1330000 -3.96787 -4.24149 -3.97725 -4.15991 0.273619
1340000 -3.92929 -4.31372 -3.90177 -4.17857 0.384438
1350000 -3.94981 -4.27604 -3.89913 -4.17496 0.326227
1360000 -3.92863 -4.26311 -3.93786 -4.13029 0.334486
1370000 -3.96129 -4.32658 -3.9088 -4.20191 0.365297
1380000 -3.93175 -4.24706 -3.91945 -4.12207 0.315303
1390000 -3.94255 -4.27832 -3.94018 -4.14996 0.335766
1400000 -3.97993 -4.33127 -3.97589 -4.19646 0.351343
1410000 -3.93412 -4.25901 -3.97407 -4.12817 0.324888
1420000 -3.93481 -4.26929 -3.89769 -4.13834 0.334476
1430000 -3.95184 -4.29815 -3.9231 -4.1731 0.346306
1440000 -3.92958 -4.27241 -3.9139 -4.13205 0.342834
1450000 -3.93462 -4.26863 -3.95064 -4.13591 0.334007
1460000 -3.9476 -4.29974 -3.95269 -4.15546 0.352138
1470000 -3.93455 -4.26725 -3.92591 -4.13082 0.332701
1480000 -3.95713 -4.27714 -3.95774 -4.16644 0.320012
1490000 -3.94353 -4.27682 -3.93009 -4.14114 0.33329
1500000 -3.94927 -4.30104 -3.92157 -4.19898 0.35178
1510000 -3.92547 -4.25025 -3.90348 -4.14925 0.324785
1520000 -3.98307 -4.31373 -3.98204 -4.18518 0.330654
1530000 -3.96894 -4.24192 -3.95996 -4.14721 0.272979
1540000 -3.95368 -4.30389 -3.97091 -4.14565 0.35021
1550000 -3.94356 -4.27677 -3.98155 -4.10827 0.333212
1560000 -3.91245 -4.19044 -3.93495 -4.0845 0.277995
1570000 -3.93958 -4.28034 -3.92987 -4.13022 0.34076
1580000 -3.96644 -4.26673 -3.97345 -4.17025 0.300283
1590000 -3.95195 -4.25519 -3.96118 -4.14491 0.303241
1600000 -3.93525 -4.25848 -3.92907 -4.18772 0.323231
1610000 -3.96509 -4.32463 -3.97381 -4.1738 0.359545
1620000 -3.96732 -4.29837 -3.9888 -4.19294 0.331044
1630000 -3.96736 -4.26105 -3.95763 -4.15059 0.293688
1640000 -3.9367 -4.26387 -3.93689 -4.11077 0.327175
1650000 -3.96452 -4.27894 -3.92636 -4.2196 0.314411
1660000 -3.96307 -4.31272 -3.96229 -4.15767 0.349659
1670000 -3.9759 -4.30737 -3.98369 -4.18807 0.331476
1680000 -3.97782 -4.34136 -3.98727 -4.18144 0.363548
1690000 -3.94569 -4.32159 -3.92376 -4.19067 0.375903
1700000 -3.95615 -4.23887 -3.97923 -4.12571 0.282719
1710000 -3.97906 -4.31357 -3.93752 -4.18374 0.334512
1720000 -4.00031 -4.34581 -3.98263 -4.21374 0.345503
1730000 -4.00997 -4.35827 -3.9927 -4.24753 0.348293
1740000 -4.03614 -4.30786 -4.04574 -4.21495 0.271711
1750000 -4.02319 -4.33452 -3.98798 -4.25052 0.311331
1760000 -3.99759 -4.28767 -4.00602 -4.19846 0.290078
1770000 -4.0048 -4.3215 -4.01036 -4.19195 0.316706
1780000 -4.02372 -4.37968 -4.02225 -4.23635 0.355958
1790000 -4.03038 -4.33643 -4.00762 -4.2355 0.306053
1800000 -3.97009 -4.26178 -3.98257 -4.16687 0.291691
1810000 -4.01902 -4.32941 -3.99546 -4.24013 0.310389
1820000 -4.01385 -4.37142 -4.01696 -4.2344 0.357572
1830000 -3.98524 -4.34651 -3.98885 -4.20846 0.361268
1840000 -3.99675 -4.30726 -3.99032 -4.20745 0.310508
1850000 -4.05475 -4.32245 -4.04263 -4.24374 0.267707
1860000 -4.02854 -4.36902 -4.00264 -4.24729 0.340482
1870000 -4.01746 -4.3347 -3.99359 -4.22395 0.317247
1880000 -4.02236 -4.34645 -4.00193 -4.25048 0.324091
1890000 -4.00485 -4.29242 -3.99217 -4.20214 0.287571
1900000 -4.03391 -4.34744 -4.02924 -4.23574 0.313527
1910000 -4.06145 -4.33261 -4.06027 -4.2394 0.271153
1920000 -4.01877 -4.33359 -4.02064 -4.22937 0.314815
1930000 -4.02477 -4.40752 -4.00542 -4.27465 0.382759
1940000 -4.05038 -4.35 -4.01705 -4.23253 0.299626
1950000 -4.02167 -4.34867 -3.99774 -4.21895 0.327004
1960000 -4.0755 -4.39737 -4.05212 -4.30144 0.321868
1970000 -4.03922 -4.37383 -4.02212 -4.25331 0.334602
1980000 -4.05084 -4.36622 -4.03605 -4.26216 0.315384
1990000 -4.0803 -4.3852 -4.06221 -4.26126 0.304898
2000000 -4.10561 -4.39229 -4.09554 -4.26819 0.286677
2010000 -4.10927 -4.36988 -4.10755 -4.32873 0.260607
2020000 -4.08623 -4.40407 -4.06967 -4.28213 0.317846
2030000 -4.12463 -4.39079 -4.09726 -4.28768 0.266162
2040000 -4.07139 -4.31752 -4.07281 -4.22068 0.24613
2050000 -4.08574 -4.36934 -4.06914 -4.25154 0.283606
2060000 -4.10361 -4.39862 -4.11808 -4.28792 0.295008
2070000 -4.08159 -4.36996 -4.08494 -4.24145 0.288372
2080000 -4.08277 -4.36683 -4.07928 -4.27542 0.284057
2090000 -4.0566 -4.35689 -4.07258 -4.23156 0.300287
2100000 -4.08298 -4.35657 -4.08891 -4.27892 0.273598
2110000 -4.08573 -4.36366 -4.06682 -4.26877 0.277932
2120000 -4.11269 -4.42869 -4.08552 -4.32229 0.315992
2130000 -4.10404 -4.40252 -4.10335 -4.27951 0.298481
2140000 -4.1155 -4.39343 -4.10345 -4.307 0.277926
2150000 -4.14464 -4.36522 -4.15853 -4.27637 0.220578
2160000 -4.13235 -4.42968 -4.11783 -4.32197 0.297329
2170000 -4.11254 -4.39641 -4.10347 -4.28477 0.283873
2180000 -4.10221 -4.40248 -4.06774 -4.29315 0.300275
2190000 -4.13579 -4.43054 -4.10072 -4.30538 0.29475
2200000 -4.14255 -4.40643 -4.11215 -4.30177 0.263881
2210000 -4.13813 -4.4363 -4.10454 -4.32444 0.298168
2220000 -4.14502 -4.44603 -4.15762 -4.31785 0.30101
2230000 -4.15051 -4.43255 -4.14279 -4.32625 0.282038
2240000 -4.14205 -4.42221 -4.1506 -4.31839 0.280161
2250000 -4.14685 -4.4502 -4.13346 -4.33722 0.303346
2260000 -4.16585 -4.43982 -4.13393 -4.33596 0.27397
2270000 -4.16224 -4.41976 -4.1351 -4.34061 0.257517
2280000 -4.1703 -4.44284 -4.1436 -4.3405 0.272533
2290000 -4.18956 -4.4643 -4.15057 -4.38769 0.274739
2300000 -4.18904 -4.42261 -4.16975 -4.37096 0.233571
2310000 -4.20759 -4.42929 -4.19572 -4.35205 0.221696
2320000 -4.19198 -4.43756 -4.17436 -4.38397 0.245571
2330000 -4.23976 -4.47906 -4.21583 -4.39807 0.239297
2340000 -4.26607 -4.45631 -4.25624 -4.37894 0.190239
2350000 -4.2652 -4.47298 -4.25395 -4.39592 0.207782
2360000 -4.28051 -4.46537 -4.26893 -4.40214 0.184862
2370000 -4.25785 -4.45621 -4.24266 -4.39383 0.198364
2380000 -4.28173 -4.4831 -4.26471 -4.42407 0.201369
2390000 -4.2801 -4.48454 -4.27337 -4.41025 0.204434
2400000 -4.33279 -4.47874 -4.32824 -4.44346 0.145959
2410000 -4.3189 -4.47837 -4.31273 -4.41606 0.15947
2420000 -4.36318 -4.49495 -4.36632 -4.45794 0.131774
2430000 -4.3841 -4.47899 -4.39001 -4.45081 0.0948913
2440000 -4.42328 -4.50449 -4.42529 -4.46171 0.0812131
2450000 -4.39198 -4.49064 -4.39504 -4.45082 0.0986656
2460000 -4.40994 -4.49746 -4.40809 -4.46339 0.0875201
2470000 -4.39985 -4.51469 -4.39535 -4.4629 0.114835
2480000 -4.40458 -4.50655 -4.40741 -4.45582 0.101972
2490000 -4.40727 -4.49514 -4.3889 -4.47735 0.0878634
2500000 -4.40772 -4.49304 -4.40649 -4.45654 0.0853161
2510000 -4.40607 -4.52215 -4.39764 -4.47502 0.116079
2520000 -4.43762 -4.51692 -4.43926 -4.4855 0.0793022
2530000 -4.41009 -4.50065 -4.41102 -4.46474 0.0905517
2540000 -4.43111 -4.51238 -4.43217 -4.4677 0.0812659
2550000 -4.40866 -4.49324 -4.42082 -4.44696 0.0845798
2560000 -4.42107 -4.49982 -4.42728 -4.46535 0.0787565
2570000 -4.40734 -4.4818 -4.41236 -4.45367 0.0744629
2580000 -4.42598 -4.49881 -4.43041 -4.47275 0.0728259
2590000 -4.40925 -4.49993 -4.39658 -4.4801 0.0906811
2600000 -4.41511 -4.49056 -4.42346 -4.46479 0.0754419
2610000 -4.41586 -4.5174 -4.40896 -4.48064 0.101538
2620000 -4.41719 -4.50686 -4.42221 -4.46992 0.0896691
2630000 -4.42046 -4.5068 -4.41798 -4.48119 0.086335
2640000 -4.43519 -4.50752 -4.44571 -4.46173 0.0723309
2650000 -4.41605 -4.50952 -4.4227 -4.47573 0.0934685
2660000 -4.43302 -4.51713 -4.42698 -4.48382 0.0841095
2670000 -4.42993 -4.51337 -4.42365 -4.48311 0.0834419
2680000 -4.41751 -4.53411 -4.40196 -4.50051 0.116597
2690000 -4.42946 -4.49456 -4.42894 -4.47606 0.065103
2700000 -4.41301 -4.50481 -4.41212 -4.47052 0.0917984
2710000 -4.43004 -4.5247 -4.41738 -4.49507 0.094658
2720000 -4.42919 -4.50728 -4.4346 -4.47535 0.0780921
2730000 -4.44857 -4.52516 -4.44237 -4.49445 0.0765915
2740000 -4.43285 -4.52489 -4.44212 -4.47798 0.0920464
2750000 -4.4299 -4.52608 -4.42616 -4.49267 0.0961855
2760000 -4.4336 -4.52038 -4.43194 -4.49238 0.0867806
2770000 -4.43797 -4.50626 -4.44267 -4.48399 0.0682973
2780000 -4.44377 -4.52251 -4.45028 -4.49484 0.0787471
2790000 -4.42045 -4.51438 -4.41865 -4.4794 0.0939282
2800000 -4.44171 -4.51473 -4.43667 -4.49151 0.0730186
2810000 -4.43192 -4.52925 -4.42933 -4.49641 0.097326
2820000 -4.4517 -4.5296 -4.45786 -4.49355 0.0779053
2830000 -4.43688 -4.50314 -4.44 -4.4775 0.0662632
2840000 -4.43898 -4.51678 -4.43458 -4.49724 0.0777985
2850000 -4.43142 -4.52508 -4.42759 -4.49005 0.0936689
2860000 -4.44314 -4.52863 -4.44751 -4.4929 0.0854903
2870000 -4.435 -4.51309 -4.43605 -4.48061 0.0780968
2880000 -4.44951 -4.53672 -4.44187 -4.50515 0.0872083
2890000 -4.43672 -4.52823 -4.43597 -4.50276 0.091505
2900000 -4.431 -4.51381 -4.43313 -4.47812 0.0828119
2910000 -4.4562 -4.53865 -4.45024 -4.51082 0.0824518
2920000 -4.45227 -4.52995 -4.44576 -4.49645 0.0776807
2930000 -4.45278 -4.52611 -4.45645 -4.499 0.0733301
2940000 -4.44906 -4.52818 -4.449 -4.49437 0.0791217
2950000 -4.45647 -4.53214 -4.44491 -4.51397 0.0756753
2960000 -4.44069 -4.51753 -4.44092 -4.49023 0.0768447
2970000 -4.45595 -4.52527 -4.45859 -4.49262 0.0693258
2980000 -4.44386 -4.53208 -4.44069 -4.4987 0.08822
2990000 -4.46052 -4.53764 -4.45647 -4.50776 0.0771204
3000000 -4.45097 -4.5082 -4.4557 -4.48861 0.0572314
3010000 -4.4533 -4.51962 -4.45222 -4.49174 0.0663263
3020000 -4.47186 -4.54379 -4.46299 -4.51644 0.0719261
3030000 -4.44834 -4.52639 -4.45649 -4.49972 0.0780524
3040000 -4.4592 -4.52749 -4.46457 -4.49717 0.0682862
3050000 -4.45145 -4.53154 -4.46089 -4.49702 0.0800936
3060000 -4.46811 -4.53972 -4.46544 -4.50695 0.0716096
3070000 -4.4629 -4.52117 -4.46377 -4.49744 0.0582656
3080000 -4.45496 -4.53351 -4.4511 -4.5098 0.0785498
3090000 -4.46481 -4.53746 -4.4612 -4.51047 0.0726445
3100000 -4.4565 -4.53826 -4.4564 -4.50626 0.0817606
3110000 -4.46875 -4.54117 -4.47379 -4.50829 0.0724202
3120000 -4.47812 -4.54827 -4.47169 -4.51973 0.0701499
3130000 -4.46319 -4.54215 -4.46062 -4.50472 0.0789644
3140000 -4.47298 -4.53947 -4.46243 -4.52451 0.0664847
3150000 -4.46682 -4.52324 -4.46638 -4.49236 0.0564211
3160000 -4.46925 -4.54171 -4.47233 -4.50894 0.072455
3170000 -4.46569 -4.53583 -4.47507 -4.50099 0.0701409
3180000 -4.47688 -4.54071 -4.47503 -4.52056 0.063828
3190000 -4.46499 -4.53997 -4.46628 -4.51342 0.0749719
3200000 -4.48634 -4.55031 -4.48112 -4.52862 0.0639676
3210000 -4.46378 -4.52845 -4.47255 -4.49808 0.0646689
3220000 -4.48055 -4.53901 -4.48708 -4.51854 0.0584593
3230000 -4.4842 -4.54137 -4.48608 -4.51599 0.0571627
3240000 -4.46746 -4.53325 -4.47169 -4.50228 0.065794
3250000 -4.47341 -4.54125 -4.47058 -4.51492 0.067838
3260000 -4.4923 -4.54719 -4.49896 -4.52317 0.0548897
3270000 -4.47781 -4.54751 -4.47707 -4.52506 0.069697
3280000 -4.48451 -4.5484 -4.48396 -4.51943 0.0638889
3290000 -4.48377 -4.54808 -4.48115 -4.52363 0.0643167
3300000 -4.48408 -4.55331 -4.48713 -4.51682 0.0692255
3310000 -4.48478 -4.52824 -4.49256 -4.51115 0.0434585
3320000 -4.47416 -4.54018 -4.47534 -4.51576 0.0660205
3330000 -4.48813 -4.54973 -4.48429 -4.5312 0.0615978
3340000 -4.48172 -4.52589 -4.48633 -4.51631 0.0441668
3350000 -4.48227 -4.54127 -4.47973 -4.51894 0.059
3360000 -4.49196 -4.54132 -4.49583 -4.52321 0.049361
3370000 -4.48211 -4.54128 -4.48433 -4.51425 0.059171
3380000 -4.48619 -4.55243 -4.48557 -4.52135 0.0662395
3390000 -4.49473 -4.55846 -4.49542 -4.53647 0.0637213
3400000 -4.47472 -4.54388 -4.47219 -4.51987 0.0691531
3410000 -4.49227 -4.56059 -4.49474 -4.53116 0.0683207
3420000 -4.49021 -4.55872 -4.47889 -4.5361 0.0685041
3430000 -4.49943 -4.54784 -4.49767 -4.52491 0.0484137
3440000 -4.50035 -4.55173 -4.49863 -4.53049 0.0513843
3450000 -4.50115 -4.56309 -4.50034 -4.53844 0.06194
3460000 -4.4935 -4.55485 -4.49486 -4.53002 0.0613501
3470000 -4.50866 -4.56193 -4.50415 -4.53768 0.0532705
3480000 -4.49056 -4.54989 -4.49411 -4.52412 0.0593345
3490000 -4.50525 -4.5545 -4.50442 -4.5405 0.0492505
3500000 -4.50284 -4.56292 -4.49623 -4.53517 0.060083
3510000 -4.49443 -4.54672 -4.49851 -4.52399 0.052284
3520000 -4.50722 -4.55632 -4.50824 -4.53671 0.0491013
3530000 -4.49487 -4.55128 -4.49069 -4.52569 0.0564146
3540000 -4.50487 -4.54975 -4.50479 -4.53617 0.0448797
3550000 -4.49667 -4.55474 -4.49497 -4.53542 0.0580646
3560000 -4.5061 -4.55675 -4.50722 -4.53843 0.0506458
3570000 -4.49729 -4.56243 -4.4909 -4.54151 0.065137
3580000 -4.50715 -4.56043 -4.51122 -4.54664 0.0532794
3590000 -4.5014 -4.55851 -4.49798 -4.53601 0.0571143
3600000 -4.50553 -4.56146 -4.50157 -4.54216 0.0559307
3610000 -4.50529 -4.55451 -4.50382 -4.53245 0.0492203
3620000 -4.51244 -4.56448 -4.51113 -4.53669 0.0520399
3630000 -4.50286 -4.55776 -4.49361 -4.53798 0.0548923
3640000 -4.50964 -3670000 -4.36337 -4.48547 -4.35591 -3650000 -4.51167 3680000 -4.36932 -4.47797 -4.36428 -3660000 -4.51881 3690000 -4.38167 -4.50157 -4.37004 -4.45755 0.119895
3700000 -4.3711 -4.49477 -4.36049 -4.45016 0.123662
3710000 -4.37006 -4.50183 -4.35482 -4.45583 0.131773
3720000 -4.38838 -4.48991 -4.38488 -4.45497 0.101536
3730000 -4.37463 -4.49607 -4.37708 -4.44743 0.121449
3740000 -4.38501 -4.4957 -4.37292 -4.45572 0.110696
3750000 -4.37398 -4.48461 -4.37007 -4.44406 0.110629
3760000 -4.37538 -4.49166 -4.36872 -4.45191 0.116278
3770000 -4.37637 -4.49818 -4.37413 -4.44637 0.121809
3780000 -4.3838 -4.48161 -4.38231 -4.44173 0.0978109
3790000 -4.37609 -4.48604 -4.37789 -4.43747 0.109953
3800000 -4.38103 -4.49698 -4.37216 -4.4507 0.115957
3810000 -4.37974 -4.48861 -4.37809 -4.4477 0.108865
3820000 -4.38537 -4.50608 -4.38555 -4.4561 0.120702
3830000 -4.38797 -4.50302 -4.38154 -4.46455 0.115055
3840000 -4.3877 -4.48821 -4.3842 -4.45284 0.10051
3850000 -4.3861 -4.49261 -4.37717 -4.46132 0.106515
3860000 -4.39042 -4.50408 -4.37563 -4.471 0.113658
3870000 -4.38554 -4.50807 -4.37938 -4.46287 0.122531
3880000 -4.39128 -4.509 -4.38532 -4.46292 0.117717
3890000 -4.38572 -4.5061 -4.37856 -4.45705 0.120377
3900000 -4.39206 -4.51524 -4.38382 -4.47162 0.123181
3910000 -4.39058 -4.49845 -4.38664 -4.45445 0.107867
3920000 -4.39591 -4.49858 -4.39023 -4.46092 0.102671
3930000 -4.38806 -4.4895 -4.38698 -4.4622 0.10144
3940000 -4.39715 -4.50323 -4.38901 -4.47305 0.106072
3950000 -4.38877 -4.49518 -4.37868 -4.46731 0.106405
3960000 -4.39983 -4.49558 -4.39453 -4.46233 0.0957489
3970000 -4.39838 -4.49883 -4.39188 -4.46888 0.100454
3980000 -4.39616 -4.50768 -4.39515 -4.46617 0.111523
3990000 -4.40525 -4.51211 -4.39542 -4.47944 0.106856
4000000 -4.39545 -4.49915 -4.38867 -4.46734 0.103694
4010000 -4.40708 -4.51764 -4.39494 -4.48505 0.110554
4020000 -4.4006 -4.50463 -4.39432 -4.47087 0.104024
4030000 -4.40484 -4.50029 -4.40562 -4.47135 0.0954489
4040000 -4.39963 -4.49782 -4.38852 -4.47206 0.0981939
4050000 -4.40291 -4.50264 -4.39651 -4.47226 0.0997341
4060000 -4.40848 -4.51152 -4.39831 -4.4806 0.103041
4070000 -4.40438 -4.50696 -4.39504 -4.47511 0.102581
4080000 -4.40578 -4.50687 -4.39299 -4.48397 0.101085
4090000 -4.40382 -4.50533 -4.39769 -4.47169 0.101506
4100000 -4.4113 -4.50997 -4.40646 -4.47888 0.0986697
4110000 -4.4104 -4.5054 -4.40121 -4.4807 0.0949995
4120000 -4.40757 -4.50261 -4.39963 -4.47325 0.0950437
4130000 -4.41078 -4.5128 -4.40266 -4.48261 0.102018
4140000 -4.40717 -4.50996 -4.39724 -4.48122 0.102792
4150000 -4.41125 -4.51622 -4.40067 -4.48674 0.104967
4160000 -4.41598 -4.52035 -4.40557 -4.4974 0.104374
4170000 -4.41803 -4.51705 -4.40634 -4.49178 0.0990249
4180000 -4.41476 -4.52307 -4.41561 -4.48184 0.108318
4190000 -4.41718 -4.51602 -4.41761 -4.47761 0.0988427
4200000 -4.41687 -4.50747 -4.4229 -4.46886 0.0905989
4210000 -4.42085 -4.51639 -4.41971 -4.47647 0.0955403
4220000 -4.41609 -4.5257 -4.41637 -4.48071 0.109614
4230000 -4.41952 -4.5169 -4.42204 -4.48184 0.0973758
4240000 -4.42256 -4.52437 -4.42248 -4.48477 0.101818
4250000 -4.41966 -4.51556 -4.41933 -4.48561 0.0958975
4260000 -4.41757 -4.5101 -4.41123 -4.48343 0.0925295
4270000 -4.421 -4.51454 -4.41733 -4.49014 0.0935408
4280000 -4.42113 -4.5164 -4.41332 -4.49329 0.0952751
4290000 -4.42347 -4.51435 -4.42155 -4.48993 0.0908804
4300000 -4.42303 -4.52184 -4.42026 -4.48089 0.0988061
4310000 -4.42266 -4.52276 -4.41319 -4.49898 0.100101
4320000 -4.42584 -4.53209 -4.41681 -4.50326 0.106252
4330000 -4.4264 -4.52688 -4.41804 -4.49032 0.100481
4340000 -4.42963 -4.51904 -4.41948 -4.49704 0.0894118
4350000 -4.42577 -4.52862 -4.41625 -4.49776 0.102848
4360000 -4.43046 -4.52724 -4.42182 -4.50292 0.0967819
4370000 -4.42349 -4.52124 -4.41105 -4.49426 0.0977551
4380000 -4.43323 -4.53198 -4.42122 -4.50472 0.0987444
4390000 -4.42538 -4.53015 -4.41449 -4.49848 0.104769
4400000 -4.43524 -4.5353 -4.42379 -4.50694 0.100067
4410000 -4.43446 -4.53411 -4.42304 -4.50625 0.0996469
4420000 -4.43642 -4.53302 -4.42609 -4.50825 0.0965993
4430000 -4.43633 -4.5416 -4.42639 -4.50909 0.105273
4440000 -4.43206 -4.52825 -4.42449 -4.50284 0.0961926
4450000 -4.43988 -4.52742 -4.43988 -4.49333 0.0875441
4460000 -4.43701 -4.5252 -4.4343 -4.49765 0.0881898
4470000 -4.43617 -4.52938 -4.43563 -4.49348 0.0932125
4480000 -4.43951 -4.54071 -4.42793 -4.5097 0.101198
4490000 -4.43647 -4.53491 -4.42688 -4.50509 0.0984394
4500000 -4.44295 -4.5325 -4.43307 -4.51289 0.0895565
4510000 -4.43748 -4.53382 -4.42642 -4.512 0.0963377
4520000 -4.44147 -4.5475 -4.4278 -4.51503 0.106027
4530000 -4.44443 -4.54315 -4.43463 -4.51059 0.0987212
4540000 -4.44718 -4.54787 -4.4387 -4.51612 0.100687
4550000 -4.44497 -4.53977 -4.43505 -4.51575 0.0947997
4560000 -4.44641 -4.54025 -4.43568 -4.51508 0.0938414
4570000 -4.44535 -4.54141 -4.43733 -4.51123 0.096067
4580000 -4.44923 -4.54322 -4.43979 -4.51657 0.0939845
4590000 -4.4479 -4.5488 -4.43807 -4.51995 0.100893
4600000 -4.45027 -4.54612 -4.44067 -4.52086 0.0958532
4610000 -4.44723 -4.53935 -4.43721 -4.51268 0.0921179
4620000 -4.4486 -4.5388 -4.43864 -4.5177 0.0901978
4630000 -4.4515 -4.54779 -4.44422 -4.51807 0.0962858
4640000 -4.44942 -4.54516 -4.43946 -4.51572 0.0957418
4650000 -4.44806 -4.54614 -4.44079 -4.51686 0.0980814
4660000 -4.44686 -4.54336 -4.4389 -4.51545 0.096499
4670000 -4.44937 -4.54638 -4.44081 -4.51755 0.0970178
4680000 -4.44726 -4.54261 -4.43769 -4.51648 0.0953516
4690000 -4.44991 -4.5513 -4.43958 -4.52041 0.101398
4700000 -4.44696 -4.54682 -4.43771 -4.51063 0.0998582
4710000 -4.44977 -4.54709 -4.44039 -4.51682 0.0973238
4720000 -4.44947 -4.54909 -4.4399 -4.51886 0.0996189
4730000 -4.44981 -4.55113 -4.44787 -4.51389 0.101317
4740000 -4.44867 -4.5396 -4.43999 -4.51061 0.090933
4750000 -4.44985 -4.54918 -4.44176 -4.52009 0.0993354
4760000 -4.44905 -4.54351 -4.43853 -4.51317 0.0944595
4770000 -4.448 -4.54198 -4.43926 -4.51114 0.0939783
4780000 -4.44921 -4.55207 -4.43655 -4.52049 0.102853
4790000 -4.44806 -4.54523 -4.43927 -4.51301 0.0971672
4800000 -4.44888 -4.54734 -4.44052 -4.51842 0.0984593
4810000 -4.44912 -4.54866 -4.43765 -4.5198 0.0995456
4820000 -4.4511 -4.54428 -4.44093 -4.52204 0.093178
4830000 -4.44707 -4.54071 -4.43747 -4.51545 0.0936343
4840000 -4.44963 -4.54075 -4.44165 -4.52009 0.091111
4850000 -4.45182 -4.53909 -4.44342 -4.51787 0.0872759
4860000 -4.45135 -4.54341 -4.44157 -4.51968 0.0920659
4870000 -4.45308 -4.54128 -4.44212 -4.52021 0.0881929
4880000 -4.45015 -4.54042 -4.43917 -4.51804 0.0902673
4890000 -4.45264 -4.54317 -4.44302 -4.51833 0.090535
4900000 -4.45475 -4.54374 -4.44359 -4.52369 0.0889933
4910000 -4.45383 -4.5414 -4.44369 -4.52078 0.0875654
4920000 -4.45341 -4.54787 -4.44123 -4.52461 0.0944564
4930000 -4.45543 -4.54603 -4.44287 -4.52511 0.0906037
4940000 -4.45593 -4.54119 -4.44675 -4.51863 0.0852522
4950000 -4.45594 -4.54474 -4.44701 -4.52124 0.0887982
4960000 -4.45565 -4.54269 -4.44614 -4.51997 0.0870406
4970000 -4.45981 -4.55243 -4.44896 -4.52906 0.0926179
4980000 -4.46103 -4.54806 -4.44787 -4.52985 0.087035
4990000 -4.46045 -4.54856 -4.44916 -4.5295 0.0881026
5000000 -4.46208 -4.54585 -4.4536 -4.52465 0.0837612
5010000 -4.46036 -4.547 -4.45102 -4.52585 0.0866346
5020000 -4.46343 -4.54991 -4.45427 -4.52828 0.0864763
5030000 -4.46465 -4.55114 -4.45461 -4.52572 0.0864891
5040000 -4.46304 -4.54832 -4.45276 -4.52649 0.085285
5050000 -4.46511 -4.55124 -4.45551 -4.53056 0.0861345
5060000 -4.46588 -4.54809 -4.45698 -4.52645 0.082205
5070000 -4.46588 -4.55078 -4.45415 -4.53128 0.0849067
5080000 -4.46609 -4.55314 -4.45399 -4.5334 0.0870459
5090000 -4.46772 -4.55434 -4.45749 -4.53207 0.086613
5100000 -4.46742 -4.55293 -4.45656 -4.53412 0.0855092
5110000 -4.4691 -4.55405 -4.45785 -4.53612 0.0849503
5120000 -4.4697 -4.55196 -4.46164 -4.52979 0.0822574
5130000 -4.47095 -4.55302 -4.46137 -4.5334 0.0820767
5140000 -4.47138 -4.55208 -4.46201 -4.53185 0.0807069
5150000 -4.47196 -4.55395 -4.45995 -4.53523 0.0819811
5160000 -4.47282 -4.5525 -4.46396 -4.5339 0.0796793
5170000 -4.47305 -4.55297 -4.46422 -4.53407 0.0799232
5180000 -4.47473 -4.55366 -4.46473 -4.53485 0.0789301
5190000 -4.47512 -4.55824 -4.46341 -4.5407 0.0831144
5200000 -4.4765 -4.55736 -4.46683 -4.5413 0.0808603
5210000 -4.47687 -4.55984 -4.46577 -4.54181 0.0829715
5220000 -4.47768 -4.55973 -4.46541 -4.5428 0.0820559
5230000 -4.47826 -4.56042 -4.46757 -4.54277 0.0821662
5240000 -4.47884 -4.56109 -4.46686 -4.54486 0.0822439
5250000 -4.47974 -4.56049 -4.46977 -4.54358 0.0807427
5260000 -4.48059 -4.56047 -4.46956 -4.54341 0.0798814
5270000 -4.48096 -4.56221 -4.46937 -4.54555 0.0812454
5280000 -4.48188 -4.56296 -4.46998 -4.54634 0.0810795
5290000 -4.48254 -4.56365 -4.47014 -4.54727 0.0811049
5300000 -4.48351 -4.5627 -4.47291 -4.54639 0.0791919
5310000 -4.4842 -4.56386 -4.47221 -4.54804 0.07966
5320000 -4.48477 -4.56501 -4.4733 -4.54967 0.0802394
5330000 -4.48573 -4.56485 -4.47401 -4.54966 0.0791159
5340000 -4.48634 -4.56464 -4.47489 -4.54977 0.0782999
5350000 -4.48711 -4.56544 -4.47535 -4.55033 0.0783358
.00136027
5320000 -4.62768 -4.62964 -4.62754 -4.62854 0.00196631
5330000 -4.62833 -4.62903 -4.62862 -4.62892 0.000709043
5340000 -4.62914 -4.62926 -4.62937 -4.62957 0.000123913
5350000 -4.62991 -4.62999 -4.62985 -4.62992 7.42891e-05
