# Time-averaged data for fix pe_output
# TimeStep v_pe_aSiAverage
10000 -4.21348
20000 -4.16019
30000 -4.06375
40000 -3.94342
50000 -3.90837
60000 -3.85325
70000 -3.88574
80000 -3.87327
90000 -3.89911
100000 -3.85102
110000 -3.89861
120000 -3.87975
130000 -3.90725
140000 -3.88104
150000 -3.86263
160000 -3.85594
170000 -3.88387
180000 -3.92273
190000 -3.92118
200000 -3.90365
210000 -3.92408
220000 -3.93617
230000 -3.91616
240000 -3.88658
250000 -3.94599
260000 -3.98207
270000 -3.94216
280000 -3.91107
290000 -3.95017
300000 -3.95234
310000 -3.9713
320000 -3.9728
330000 -3.95826
340000 -3.94948
350000 -3.99057
360000 -3.95041
370000 -4.00472
380000 -3.99497
390000 -4.0118
400000 -4.01855
410000 -4.00506
420000 -4.04795
430000 -4.02339
440000 -4.05204
450000 -4.03594
460000 -4.04558
470000 -4.07057
480000 -4.04596
490000 -4.06028
500000 -4.07603
510000 -4.08579
520000 -4.08785
530000 -4.1068
540000 -4.07839
550000 -4.10698
560000 -4.09875
570000 -4.09321
580000 -4.11832
590000 -4.11338
600000 -4.13876
610000 -4.14602
620000 -4.14932
630000 -4.14165
640000 -4.14261
650000 -4.17361
660000 -4.17146
670000 -4.16777
680000 -4.19045
690000 -4.19088
700000 -4.19726
710000 -4.18822
720000 -4.20936
730000 -4.20512
740000 -4.21985
750000 -4.22102
760000 -4.2318
770000 -4.23389
780000 -4.23403
790000 -4.23021
800000 -4.24603
810000 -4.24533
820000 -4.23872
830000 -4.25688
840000 -4.26697
850000 -4.26473
860000 -4.25769
870000 -4.26884
880000 -4.27059
890000 -4.27719
900000 -4.28864
910000 -4.27933
920000 -4.28294
930000 -4.29199
940000 -4.29835
950000 -4.29533
960000 -4.3033
970000 -4.30476
980000 -4.308
990000 -4.31806
1000000 -4.31732
1010000 -4.31887
1020000 -4.32891
1030000 -4.3228
1040000 -4.32544
1050000 -4.32935
1060000 -4.33337
1070000 -4.33636
1080000 -4.34153
1090000 -4.34387
1100000 -4.3487
1110000 -4.35157
1120000 -4.35325
1130000 -4.35518
1140000 -4.35853
1150000 -4.36325
1160000 -4.36527
1170000 -4.36391
1180000 -4.36232
1190000 -4.36211
1200000 -4.36175
1210000 -4.36351
1220000 -4.36475
1230000 -4.36369
1240000 -4.36539
1250000 -4.36626
1260000 -4.36148
1270000 -4.36553
1280000 -4.36475
1290000 -4.36507
1300000 -4.36156
1310000 -4.36788
1320000 -4.37371
1330000 -4.37536
1340000 -4.37923
1350000 -4.38393
1360000 -4.38791
1370000 -4.39279
1380000 -4.3959
1390000 -4.40074
1400000 -4.4043
