# Chunk-averaged data for fix pe_output and group file
# Timestep Number-of-chunks Total-count
# Chunk Ncount c_pe_crystalline_peratom
1000 1 78.6
  1 78.6 -4.56432
2000 1 78.4
  1 78.4 -4.54986
3000 1 81
  1 81 -4.53815
4000 1 80.6
  1 80.6 -4.53156
5000 1 78.8
  1 78.8 -4.55207
6000 1 83
  1 83 -4.53157
7000 1 78.2
  1 78.2 -4.55497
8000 1 77.6
  1 77.6 -4.54978
9000 1 80
  1 80 -4.53173
10000 1 77.2
  1 77.2 -4.55385
11000 1 79.2
  1 79.2 -4.54104
12000 1 78.2
  1 78.2 -4.52648
13000 1 81
  1 81 -4.53922
