# Time-averaged data for fix pe_output
# TimeStep v_pe_aSiAverage v_pe_cSiAverage v_pe_aSi_pureAverage v_pe_cSi_pureAverage v_excessEnergy
3860000 -4.21186 -4.01126 -4.2677 -4.01126 -0.200606
3870000 -4.23315 -4.07459 -4.27022 -4.07459 -0.15856
3880000 -4.22316 -4.11189 -4.2715 -4.11189 -0.111267
3890000 -4.2314 -4.12539 -4.2738 -4.12539 -0.106014
3900000 -4.23425 -4.10723 -4.25888 -4.10723 -0.127017
3910000 -4.23171 -4.11745 -4.25705 -4.11745 -0.114255
3920000 -4.23397 -4.14111 -4.26378 -4.14111 -0.0928533
3930000 -4.23176 -4.15535 -4.27444 -4.15535 -0.0764106
3940000 -4.23942 -4.18262 -4.26295 -4.18262 -0.0568054
3950000 -4.22338 -4.18811 -4.23874 -4.18811 -0.0352721
3960000 -4.22759 -4.17212 -4.247 -4.17212 -0.0554684
3970000 -4.23221 -4.15979 -4.24914 -4.15979 -0.0724268
3980000 -4.22936 -4.15209 -4.2332 -4.15209 -0.0772704
3990000 -4.22635 -4.18178 -4.2269 -4.18178 -0.0445617
4000000 -4.21307 -4.20687 -4.23841 -4.20687 -0.00620682
4010000 -4.2297 -4.17606 -4.23384 -4.17606 -0.0536368
4020000 -4.21892 -4.19675 -4.23414 -4.19675 -0.022167
4030000 -4.22931 -4.1884 -4.2447 -4.1884 -0.0409016
4040000 -4.21996 -4.24671 -4.22776 -4.24671 0.0267487
4050000 -4.22162 -4.27504 -4.23766 -4.27504 0.05342
4060000 -4.22011 -4.2863 -4.2374 -4.2863 0.0661937
4070000 -4.21962 -4.31212 -4.23176 -4.31212 0.0925029
4080000 -4.2167 -4.32867 -4.23734 -4.32867 0.111966
4090000 -4.20191 -4.34804 -4.21437 -4.34804 0.146136
4100000 -4.21439 -4.36954 -4.23061 -4.36954 0.155148
4110000 -4.20643 -4.37086 -4.21475 -4.37086 0.164423
4120000 -4.19869 -4.37731 -4.20489 -4.37731 0.178623
4130000 -4.21974 -4.35043 -4.22687 -4.35043 0.130691
4140000 -4.20817 -4.31895 -4.20278 -4.31895 0.110784
4150000 -4.20751 -4.36402 -4.20752 -4.36402 0.156515
4160000 -4.20855 -4.34283 -4.19113 -4.34283 0.134279
4170000 -4.19542 -4.33955 -4.18117 -4.33955 0.144129
4180000 -4.20493 -4.35313 -4.20071 -4.35313 0.148204
4190000 -4.20015 -4.35486 -4.19048 -4.35486 0.15471
4200000 -4.201 -4.33712 -4.1678 -4.33712 0.136121
4210000 -4.17507 -4.34204 -4.17232 -4.34204 0.166969
4220000 -4.18265 -4.34583 -4.17979 -4.34583 0.163178
4230000 -4.19806 -4.36026 -4.16972 -4.36026 0.162199
4240000 -4.19401 -4.34084 -4.179 -4.34084 0.146824
4250000 -4.1951 -4.35206 -4.18651 -4.35206 0.156961
4260000 -4.18141 -4.35809 -4.15841 -4.35809 0.176684
4270000 -4.17427 -4.379 -4.14632 -4.379 0.204723
4280000 -4.18012 -4.34201 -4.15012 -4.34201 0.161888
4290000 -4.18837 -4.34626 -4.16507 -4.34626 0.157887
4300000 -4.18364 -4.37933 -4.18887 -4.37933 0.195692
4310000 -4.18141 -4.36054 -4.18735 -4.36054 0.179132
4320000 -4.19395 -4.38914 -4.17379 -4.38914 0.19519
4330000 -4.17301 -4.37632 -4.16169 -4.37632 0.203305
4340000 -4.18034 -4.40084 -4.18373 -4.40084 0.220503
4350000 -4.16807 -4.40955 -4.1359 -4.40955 0.24148
4360000 -4.17879 -4.42996 -4.15764 -4.42996 0.251169
4370000 -4.16673 -4.3952 -4.14538 -4.3952 0.228467
4380000 -4.15495 -4.40686 -4.12586 -4.40686 0.251905
4390000 -4.17354 -4.46183 -4.13206 -4.46183 0.288289
4400000 -4.16219 -4.43879 -4.12495 -4.43879 0.276602
4410000 -4.1544 -4.40215 -4.11824 -4.40215 0.247751
4420000 -4.18691 -4.43082 -4.17096 -4.43082 0.243916
4430000 -4.17521 -4.45971 -4.14924 -4.45971 0.284493
4440000 -4.15999 -4.42896 -4.11831 -4.42896 0.268967
4450000 -4.16887 -4.454 -4.15235 -4.454 0.285131
4460000 -4.18432 -4.46139 -4.14294 -4.46139 0.277061
4470000 -4.19031 -4.44755 -4.15379 -4.44755 0.257233
4480000 -4.19051 -4.44969 -4.15245 -4.44969 0.259176
4490000 -4.19672 -4.45911 -4.17502 -4.45911 0.262388
4500000 -4.17805 -4.43838 -4.14116 -4.43838 0.260337
4510000 -4.20137 -4.44525 -4.18441 -4.44525 0.243874
4520000 -4.21857 -4.46017 -4.17874 -4.46017 0.241593
4530000 -4.20324 -4.46967 -4.16857 -4.46967 0.266427
4540000 -4.22107 -4.4633 -4.18595 -4.4633 0.242231
4550000 -4.22696 -4.46788 -4.185 -4.46788 0.240919
4560000 -4.20901 -4.44343 -4.16971 -4.44343 0.234417
4570000 -4.2259 -4.47175 -4.19342 -4.47175 0.24585
4580000 -4.20531 -4.45127 -4.19543 -4.45127 0.245963
4590000 -4.23556 -4.46866 -4.1924 -4.46866 0.233104
4600000 -4.20661 -4.44711 -4.17514 -4.44711 0.240507
4610000 -4.22477 -4.45076 -4.18227 -4.45076 0.225997
4620000 -4.22826 -4.44623 -4.21392 -4.44623 0.217969
4630000 -4.22438 -4.46085 -4.19495 -4.46085 0.236474
4640000 -4.21916 -4.47482 -4.19532 -4.47482 0.255655
4650000 -4.20094 -4.48308 -4.1804 -4.48308 0.282142
4660000 -4.22251 -4.45417 -4.18552 -4.45417 0.231662
4670000 -4.2183 -4.46281 -4.16739 -4.46281 0.244504
4680000 -4.22389 -4.47427 -4.18208 -4.47427 0.25038
4690000 -4.20571 -4.46232 -4.16747 -4.46232 0.256607
4700000 -4.22614 -4.4772 -4.17927 -4.4772 0.251064
4710000 -4.2187 -4.46633 -4.17057 -4.46633 0.247628
4720000 -4.22889 -4.44992 -4.18901 -4.44992 0.221039
4730000 -4.2371 -4.44773 -4.20011 -4.44773 0.210633
4740000 -4.23251 -4.45523 -4.21493 -4.45523 0.222718
4750000 -4.22138 -4.46155 -4.18769 -4.46155 0.240167
4760000 -4.23445 -4.44945 -4.19324 -4.44945 0.215
4770000 -4.24175 -4.46999 -4.22214 -4.46999 0.228242
4780000 -4.23479 -4.46038 -4.19616 -4.46038 0.225587
4790000 -4.23744 -4.4546 -4.19243 -4.4546 0.217166
4800000 -4.22404 -4.46086 -4.18765 -4.46086 0.236817
4810000 -4.24584 -4.46955 -4.20854 -4.46955 0.223701
4820000 -4.24481 -4.46489 -4.22926 -4.46489 0.220087
4830000 -4.23132 -4.45641 -4.2179 -4.45641 0.225091
4840000 -4.23553 -4.46042 -4.21028 -4.46042 0.224892
4850000 -4.24631 -4.45462 -4.2319 -4.45462 0.20831
4860000 -4.24258 -4.46167 -4.20123 -4.46167 0.219086
4870000 -4.25836 -4.46787 -4.19628 -4.46787 0.209509
4880000 -4.24295 -4.44916 -4.19101 -4.44916 0.206209
4890000 -4.25452 -4.44731 -4.224 -4.44731 0.192785
4900000 -4.27411 -4.45633 -4.24016 -4.45633 0.182227
4910000 -4.25816 -4.4661 -4.22604 -4.4661 0.207935
4920000 -4.27658 -4.44902 -4.25292 -4.44902 0.172442
4930000 -4.25216 -4.44835 -4.20721 -4.44835 0.196185
4940000 -4.24643 -4.46637 -4.20489 -4.46637 0.219949
4950000 -4.26128 -4.47281 -4.22083 -4.47281 0.211531
4960000 -4.24933 -4.44471 -4.2221 -4.44471 0.19538
4970000 -4.26647 -4.44527 -4.23594 -4.44527 0.178795
4980000 -4.26161 -4.4488 -4.218 -4.4488 0.187186
4990000 -4.26574 -4.44647 -4.24071 -4.44647 0.180727
5000000 -4.25821 -4.45454 -4.23134 -4.45454 0.196322
5010000 -4.26942 -4.45704 -4.2379 -4.45704 0.187617
5020000 -4.26256 -4.44591 -4.24466 -4.44591 0.183347
5030000 -4.27007 -4.46527 -4.23681 -4.46527 0.195194
5040000 -4.26808 -4.46197 -4.22317 -4.46197 0.193887
5050000 -4.27383 -4.47007 -4.23497 -4.47007 0.196236
5060000 -4.27622 -4.4632 -4.24785 -4.4632 0.186973
5070000 -4.27833 -4.48649 -4.23756 -4.48649 0.208169
5080000 -4.27703 -4.47183 -4.23621 -4.47183 0.194793
5090000 -4.27478 -4.45633 -4.26269 -4.45633 0.181548
5100000 -4.26004 -4.45989 -4.22896 -4.45989 0.199845
5110000 -4.27683 -4.4637 -4.24364 -4.4637 0.18687
5120000 -4.27567 -4.46945 -4.23554 -4.46945 0.193772
5130000 -4.27111 -4.47562 -4.23214 -4.47562 0.204508
5140000 -4.28412 -4.46813 -4.25473 -4.46813 0.184005
5150000 -4.28078 -4.46224 -4.2467 -4.46224 0.181456
5160000 -4.28271 -4.47362 -4.23897 -4.47362 0.190906
5170000 -4.2905 -4.47189 -4.25059 -4.47189 0.18139
5180000 -4.27066 -4.47228 -4.24091 -4.47228 0.20162
5190000 -4.28973 -4.47835 -4.26813 -4.47835 0.188616
5200000 -4.27599 -4.4757 -4.26123 -4.4757 0.199707
5210000 -4.28726 -4.47442 -4.26546 -4.47442 0.187163
5220000 -4.28139 -4.469 -4.25741 -4.469 0.187607
5230000 -4.29776 -4.46322 -4.28232 -4.46322 0.165459
5240000 -4.28386 -4.47628 -4.26863 -4.47628 0.192422
5250000 -4.30196 -4.48047 -4.27963 -4.48047 0.178517
5260000 -4.29228 -4.47797 -4.26024 -4.47797 0.185689
5270000 -4.27798 -4.46126 -4.26013 -4.46126 0.183274
5280000 -4.29995 -4.47283 -4.28198 -4.47283 0.172881
5290000 -4.28498 -4.48217 -4.27534 -4.48217 0.197185
5300000 -4.28952 -4.46235 -4.28636 -4.46235 0.172832
5310000 -4.2938 -4.47197 -4.27644 -4.47197 0.178166
5320000 -4.29195 -4.4729 -4.25853 -4.4729 0.180952
5330000 -4.29466 -4.47998 -4.26159 -4.47998 0.185316
5340000 -4.30321 -4.47657 -4.27295 -4.47657 0.173355
5350000 -4.2853 -4.4762 -4.22838 -4.4762 0.190898
5360000 -4.29631 -4.47417 -4.26482 -4.47417 0.177861
5370000 -4.28882 -4.46781 -4.2485 -4.46781 0.178989
5380000 -4.29599 -4.46987 -4.28532 -4.46987 0.173877
5390000 -4.30761 -4.4805 -4.27708 -4.4805 0.172891
5400000 -4.296 -4.47898 -4.2794 -4.47898 0.18298
5410000 -4.29237 -4.47391 -4.26647 -4.47391 0.181538
5420000 -4.29793 -4.47338 -4.28037 -4.47338 0.175457
5430000 -4.29905 -4.4739 -4.29086 -4.4739 0.174855
5440000 -4.30215 -4.48356 -4.27785 -4.48356 0.181415
5450000 -4.30516 -4.48156 -4.29256 -4.48156 0.176407
5460000 -4.29488 -4.46892 -4.28391 -4.46892 0.174034
5470000 -4.30567 -4.47444 -4.29024 -4.47444 0.168772
5480000 -4.30586 -4.47655 -4.29449 -4.47655 0.170691
5490000 -4.30729 -4.46398 -4.31 -4.46398 0.156695
5500000 -4.31373 -4.47813 -4.29933 -4.47813 0.164393
5510000 -4.31059 -4.48564 -4.28745 -4.48564 0.17505
5520000 -4.32091 -4.48226 -4.30829 -4.48226 0.16135
5530000 -4.31457 -4.48622 -4.29179 -4.48622 0.171651
5540000 -4.31224 -4.4817 -4.2892 -4.4817 0.169455
5550000 -4.31109 -4.47113 -4.30773 -4.47113 0.160033
5560000 -4.30648 -4.48446 -4.27655 -4.48446 0.177984
5570000 -4.31786 -4.48028 -4.29971 -4.48028 0.162411
5580000 -4.3153 -4.4839 -4.29894 -4.4839 0.1686
5590000 -4.31196 -4.48272 -4.27325 -4.48272 0.170755
5600000 -4.31711 -4.48457 -4.2949 -4.48457 0.16746
5610000 -4.31193 -4.46672 -4.29298 -4.46672 0.154787
5620000 -4.31967 -4.48133 -4.29313 -4.48133 0.161664
5630000 -4.31621 -4.47487 -4.2913 -4.47487 0.158656
5640000 -4.32368 -4.48821 -4.31445 -4.48821 0.16453
5650000 -4.32124 -4.48802 -4.31078 -4.48802 0.166779
5660000 -4.3131 -4.48468 -4.29315 -4.48468 0.171586
5670000 -4.32629 -4.47717 -4.30426 -4.47717 0.15088
5680000 -4.32152 -4.48977 -4.29464 -4.48977 0.168249
5690000 -4.3241 -4.48861 -4.30748 -4.48861 0.16451
5700000 -4.33671 -4.48586 -4.32736 -4.48586 0.149155
5710000 -4.33197 -4.48327 -4.32291 -4.48327 0.151298
5720000 -4.32825 -4.48774 -4.32113 -4.48774 0.159488
5730000 -4.33354 -4.48899 -4.30529 -4.48899 0.15545
5740000 -4.32937 -4.48286 -4.30536 -4.48286 0.15349
5750000 -4.33951 -4.49009 -4.31972 -4.49009 0.15058
5760000 -4.33682 -4.4915 -4.32178 -4.4915 0.154683
5770000 -4.33759 -4.49536 -4.31213 -4.49536 0.15777
5780000 -4.33118 -4.48781 -4.30891 -4.48781 0.15663
5790000 -4.34517 -4.48528 -4.32838 -4.48528 0.140114
5800000 -4.34096 -4.486 -4.32204 -4.486 0.145038
5810000 -4.34198 -4.48941 -4.32541 -4.48941 0.147428
5820000 -4.33897 -4.49126 -4.32513 -4.49126 0.152283
5830000 -4.34064 -4.48955 -4.32833 -4.48955 0.148911
5840000 -4.33868 -4.49231 -4.32024 -4.49231 0.153633
5850000 -4.34104 -4.48918 -4.32791 -4.48918 0.148138
5860000 -4.34469 -4.49522 -4.33079 -4.49522 0.150521
5870000 -4.34309 -4.48838 -4.32105 -4.48838 0.145286
5880000 -4.34736 -4.48654 -4.33239 -4.48654 0.139172
5890000 -4.35378 -4.498 -4.32624 -4.498 0.144219
5900000 -4.34409 -4.49434 -4.32704 -4.49434 0.150249
5910000 -4.35078 -4.48475 -4.34165 -4.48475 0.13397
5920000 -4.34987 -4.48439 -4.32595 -4.48439 0.134515
5930000 -4.35858 -4.48863 -4.34762 -4.48863 0.130053
5940000 -4.35058 -4.49012 -4.3307 -4.49012 0.139545
5950000 -4.35923 -4.49485 -4.33709 -4.49485 0.135617
5960000 -4.34841 -4.49673 -4.33208 -4.49673 0.148321
5970000 -4.35883 -4.49938 -4.34529 -4.49938 0.140549
5980000 -4.35214 -4.4948 -4.33666 -4.4948 0.142668
5990000 -4.35244 -4.49076 -4.33812 -4.49076 0.138322
6000000 -4.3594 -4.49387 -4.34517 -4.49387 0.134469
6010000 -4.35336 -4.50084 -4.34635 -4.50084 0.147478
6020000 -4.35864 -4.50478 -4.34637 -4.50478 0.146136
6030000 -4.35288 -4.49712 -4.33488 -4.49712 0.14424
6040000 -4.36289 -4.48943 -4.34236 -4.48943 0.126546
6050000 -4.35929 -4.48938 -4.34331 -4.48938 0.130093
6060000 -4.36213 -4.50276 -4.34974 -4.50276 0.140632
6070000 -4.36077 -4.49313 -4.34856 -4.49313 0.132358
6080000 -4.36382 -4.50289 -4.35126 -4.50289 0.139067
6090000 -4.36223 -4.50087 -4.34905 -4.50087 0.13864
6100000 -4.357 -4.49176 -4.34226 -4.49176 0.134754
6110000 -4.36988 -4.50385 -4.35147 -4.50385 0.133963
6120000 -4.36684 -4.50014 -4.35079 -4.50014 0.1333
6130000 -4.36704 -4.50085 -4.34823 -4.50085 0.133808
6140000 -4.36871 -4.50082 -4.35221 -4.50082 0.13211
6150000 -4.36928 -4.50232 -4.3528 -4.50232 0.133044
6160000 -4.36503 -4.49343 -4.34511 -4.49343 0.128404
6170000 -4.37095 -4.504 -4.35697 -4.504 0.13305
6180000 -4.37219 -4.50387 -4.35956 -4.50387 0.131681
6190000 -4.37064 -4.50483 -4.35301 -4.50483 0.134185
6200000 -4.37687 -4.51092 -4.35906 -4.51092 0.13405
6210000 -4.37351 -4.50031 -4.35481 -4.50031 0.126805
6220000 -4.37777 -4.50219 -4.36463 -4.50219 0.124422
6230000 -4.3714 -4.50509 -4.35811 -4.50509 0.133681
6240000 -4.3786 -4.50778 -4.35706 -4.50778 0.129183
6250000 -4.37476 -4.50081 -4.3642 -4.50081 0.126054
6260000 -4.37905 -4.5066 -4.36205 -4.5066 0.127549
6270000 -4.38026 -4.50157 -4.36064 -4.50157 0.121305
6280000 -4.38287 -4.50616 -4.36566 -4.50616 0.123284
6290000 -4.37962 -4.50257 -4.36166 -4.50257 0.122949
6300000 -4.37999 -4.49869 -4.36029 -4.49869 0.118702
6310000 -4.38599 -4.50921 -4.36751 -4.50921 0.123224
6320000 -4.38258 -4.50697 -4.36829 -4.50697 0.124393
6330000 -4.38665 -4.51113 -4.36889 -4.51113 0.124474
6340000 -4.38242 -4.50756 -4.36527 -4.50756 0.125146
6350000 -4.38697 -4.50549 -4.37378 -4.50549 0.11852
6360000 -4.38598 -4.50225 -4.3735 -4.50225 0.116275
6370000 -4.38542 -4.50429 -4.36878 -4.50429 0.11887
6380000 -4.38886 -4.50614 -4.3737 -4.50614 0.117281
6390000 -4.38651 -4.51012 -4.36399 -4.51012 0.123609
6400000 -4.38916 -4.50771 -4.37235 -4.50771 0.118547
6410000 -4.39083 -4.50663 -4.37296 -4.50663 0.115794
6420000 -4.38908 -4.50811 -4.36966 -4.50811 0.119028
6430000 -4.39263 -4.50821 -4.37649 -4.50821 0.115579
6440000 -4.39087 -4.5145 -4.37329 -4.5145 0.123632
6450000 -4.39294 -4.51043 -4.37952 -4.51043 0.117486
6460000 -4.39475 -4.51113 -4.38019 -4.51113 0.116375
6470000 -4.39097 -4.50886 -4.37531 -4.50886 0.11789
6480000 -4.3971 -4.50827 -4.38091 -4.50827 0.111171
6490000 -4.39747 -4.51667 -4.383 -4.51667 0.119204
6500000 -4.39568 -4.50841 -4.3786 -4.50841 0.112724
6510000 -4.40042 -4.51563 -4.38376 -4.51563 0.115206
6520000 -4.39526 -4.50854 -4.375 -4.50854 0.113273
6530000 -4.39761 -4.50974 -4.38078 -4.50974 0.11213
6540000 -4.39624 -4.50967 -4.38404 -4.50967 0.11343
6550000 -4.39815 -4.51406 -4.38383 -4.51406 0.115909
6560000 -4.39574 -4.51166 -4.37853 -4.51166 0.115915
6570000 -4.39752 -4.51112 -4.38249 -4.51112 0.113602
6580000 -4.39564 -4.51362 -4.37851 -4.51362 0.11798
6590000 -4.39526 -4.51348 -4.3768 -4.51348 0.118213
6600000 -4.39666 -4.51044 -4.3826 -4.51044 0.113781
6610000 -4.39723 -4.51564 -4.37946 -4.51564 0.118411
6620000 -4.3981 -4.51383 -4.38369 -4.51383 0.115732
6630000 -4.39505 -4.50772 -4.37999 -4.50772 0.112675
6640000 -4.39936 -4.50969 -4.38497 -4.50969 0.110331
6650000 -4.39683 -4.5085 -4.38091 -4.5085 0.111667
6660000 -4.39701 -4.51128 -4.37703 -4.51128 0.114276
6670000 -4.39477 -4.5114 -4.37636 -4.5114 0.116629
