# Time-averaged data for fix pe_output
# TimeStep v_pe_aSiAverage v_pe_cSiAverage v_pe_aSi_pureAverage v_pe_cSi_pureAverage v_excessEnergy
10000 -3.82145 -4.21906 -3.73323 -4.06757 0.397604
20000 -3.73314 -4.04455 -3.73087 -3.88877 0.311417
30000 -3.72853 -4.05895 -3.7174 -3.90379 0.330424
40000 -3.75525 -4.02146 -3.77215 -3.92861 0.266213
50000 -3.74247 -4.12648 -3.69947 -3.96102 0.384014
60000 -3.71861 -4.06544 -3.69478 -3.93831 0.346826
70000 -3.74889 -4.10248 -3.75293 -3.96605 0.353595
80000 -3.74611 -4.05376 -3.70972 -3.94346 0.307656
90000 -3.73005 -4.01095 -3.70951 -3.90585 0.280902
100000 -3.7544 -4.03559 -3.73031 -3.92655 0.281194
110000 -3.71646 -4.09515 -3.70334 -3.91725 0.378689
120000 -3.74227 -4.02564 -3.72602 -3.89728 0.283374
130000 -3.78041 -4.09294 -3.78361 -3.93817 0.312535
140000 -3.76605 -4.10693 -3.78114 -3.94436 0.340874
150000 -3.75581 -4.04538 -3.7306 -3.90375 0.289566
160000 -3.7807 -3.98543 -3.81354 -3.90361 0.204734
170000 -3.74824 -3.985 -3.75061 -3.93202 0.236761
180000 -3.72192 -4.01073 -3.76798 -3.86043 0.288813
190000 -3.77326 -4.02533 -3.77528 -3.94302 0.252069
200000 -3.73049 -4.02322 -3.72253 -3.90635 0.29273
210000 -3.7191 -4.03453 -3.68573 -3.92761 0.315433
220000 -3.72263 -4.05273 -3.68326 -3.9269 0.330103
230000 -3.75666 -4.02949 -3.73286 -3.92119 0.272831
240000 -3.72996 -3.99787 -3.71229 -3.89782 0.26791
250000 -3.76864 -4.0937 -3.78277 -3.96067 0.32506
260000 -3.74844 -4.12538 -3.76842 -3.96431 0.376943
270000 -3.76268 -4.02835 -3.75881 -3.89493 0.265671
280000 -3.76851 -4.02621 -3.75844 -3.91872 0.257702
290000 -3.75417 -3.95384 -3.73136 -3.91378 0.199665
300000 -3.77075 -4.04329 -3.76937 -3.95943 0.272535
310000 -3.73899 -4.05927 -3.76705 -3.88564 0.320282
320000 -3.7774 -4.01485 -3.846 -3.89804 0.237444
330000 -3.7614 -4.03409 -3.7199 -3.93566 0.272688
340000 -3.77192 -4.06862 -3.77398 -3.95945 0.296708
350000 -3.72627 -4.00904 -3.72147 -3.89351 0.282772
360000 -3.73268 -4.0692 -3.7275 -3.96929 0.336522
370000 -3.71164 -3.97227 -3.69107 -3.86137 0.260625
380000 -3.78574 -4.06976 -3.78119 -3.96115 0.284024
390000 -3.76592 -4.07263 -3.75025 -3.96753 0.306709
400000 -3.80349 -4.09162 -3.76568 -3.96031 0.288137
410000 -3.7177 -4.05189 -3.7505 -3.89925 0.334193
420000 -3.77807 -4.11109 -3.75757 -3.98763 0.333023
430000 -3.75019 -4.00446 -3.75752 -3.89431 0.254265
440000 -3.70833 -3.98333 -3.64121 -3.91193 0.274997
450000 -3.75813 -4.04943 -3.76611 -3.92312 0.291302
460000 -3.78351 -4.0579 -3.79862 -3.95124 0.274394
470000 -3.80443 -4.11558 -3.81828 -3.96082 0.311144
480000 -3.7782 -4.02017 -3.78162 -3.90222 0.241971
490000 -3.82275 -4.10345 -3.8099 -3.99419 0.280705
500000 -3.75085 -4.06699 -3.75721 -3.97672 0.31614
510000 -3.79365 -4.17749 -3.76421 -4.04215 0.38384
520000 -3.77536 -4.04968 -3.76993 -3.94039 0.274324
530000 -3.71961 -4.01442 -3.67134 -3.92808 0.294808
540000 -3.7804 -4.07949 -3.7761 -3.98631 0.299099
550000 -3.76428 -4.04593 -3.76081 -3.94285 0.281651
560000 -3.81548 -3.99451 -3.85667 -3.90615 0.179032
570000 -3.77736 -4.01644 -3.78858 -3.92495 0.239078
580000 -3.80141 -4.06205 -3.8373 -3.92021 0.260644
590000 -3.78776 -4.03504 -3.7592 -3.94095 0.24728
600000 -3.74853 -4.04306 -3.77214 -3.91348 0.294534
610000 -3.77836 -4.11015 -3.80607 -3.95361 0.331797
620000 -3.83078 -4.07667 -3.86433 -3.97671 0.245893
630000 -3.7924 -4.11052 -3.7988 -3.92061 0.318121
640000 -3.75907 -4.00342 -3.74918 -3.93199 0.244359
650000 -3.7562 -4.09438 -3.74217 -3.94363 0.338188
660000 -3.75998 -4.06176 -3.78725 -3.93082 0.301782
670000 -3.7751 -4.05838 -3.77005 -3.94394 0.283275
680000 -3.77624 -3.9718 -3.80086 -3.86956 0.195566
690000 -3.78396 -4.05131 -3.76987 -3.95259 0.267354
700000 -3.74471 -4.01214 -3.77523 -3.89727 0.267438
710000 -3.76391 -4.08706 -3.7788 -3.92815 0.323148
720000 -3.77969 -4.04521 -3.77331 -3.95239 0.265526
730000 -3.768 -4.0114 -3.76822 -3.91114 0.243397
740000 -3.78889 -4.04012 -3.75573 -3.93839 0.251233
750000 -3.76893 -4.08655 -3.74899 -3.92772 0.317619
760000 -3.80446 -4.0687 -3.8233 -3.92327 0.264239
770000 -3.79511 -4.10859 -3.83667 -3.96705 0.313477
780000 -3.82108 -4.0911 -3.85398 -3.95067 0.270023
790000 -3.78174 -4.07583 -3.81728 -3.93054 0.294082
800000 -3.77494 -4.0277 -3.77434 -3.96126 0.252766
810000 -3.84806 -4.09222 -3.84554 -3.97616 0.244163
820000 -3.80703 -4.10764 -3.8057 -4.03102 0.300603
830000 -3.81241 -4.13302 -3.81559 -3.98878 0.320614
840000 -3.81243 -4.06828 -3.81257 -3.95616 0.255857
850000 -3.81666 -4.18211 -3.82152 -4.04941 0.365447
860000 -3.78505 -4.06258 -3.79715 -3.97726 0.277523
870000 -3.78671 -4.06791 -3.74689 -3.9654 0.281202
880000 -3.80735 -4.16153 -3.80388 -4.02592 0.354183
890000 -3.80373 -4.16042 -3.80832 -3.97711 0.356693
900000 -3.81137 -4.03019 -3.7618 -3.94896 0.218811
910000 -3.83112 -4.12018 -3.84393 -4.00327 0.289057
920000 -3.79277 -4.09962 -3.78894 -3.99624 0.306854
930000 -3.80022 -4.0977 -3.81468 -3.94451 0.297487
940000 -3.79856 -4.08178 -3.79437 -3.96931 0.283218
950000 -3.82096 -4.05498 -3.80507 -3.94414 0.234021
960000 -3.77691 -4.10653 -3.76836 -3.97573 0.329623
970000 -3.85651 -4.1483 -3.82616 -4.04232 0.291796
980000 -3.84136 -4.07778 -3.85445 -3.9844 0.236414
990000 -3.7984 -4.10813 -3.78762 -3.98407 0.309729
1000000 -3.81564 -4.04797 -3.82167 -3.97957 0.232322
1010000 -3.83269 -4.07026 -3.86096 -3.97805 0.237572
1020000 -3.80744 -4.10097 -3.78539 -3.98204 0.293532
1030000 -3.81852 -4.16319 -3.77721 -4.07044 0.344665
1040000 -3.7998 -4.00635 -3.81554 -3.94253 0.206549
1050000 -3.81981 -4.12071 -3.79501 -3.97795 0.300897
1060000 -3.79745 -4.07941 -3.82135 -3.92564 0.281965
1070000 -3.80403 -4.06683 -3.80129 -3.95747 0.262801
1080000 -3.83805 -4.06013 -3.82369 -3.93792 0.222086
1090000 -3.81808 -4.00864 -3.79029 -3.95342 0.190565
1100000 -3.8031 -4.03227 -3.79637 -3.92779 0.229175
1110000 -3.81013 -3.98633 -3.83062 -3.91578 0.176207
1120000 -3.84458 -4.09292 -3.88499 -4.00311 0.248344
1130000 -3.86487 -4.16173 -3.84616 -4.03059 0.296856
1140000 -3.83113 -4.13631 -3.77859 -3.99374 0.305175
1150000 -3.82235 -4.10175 -3.83285 -4.0061 0.279398
1160000 -3.80716 -4.16727 -3.82633 -4.00888 0.360109
1170000 -3.83262 -4.08882 -3.84817 -4.00022 0.256202
1180000 -3.82293 -4.07715 -3.84252 -3.97417 0.254219
1190000 -3.86759 -4.10516 -3.86239 -4.02965 0.237563
1200000 -3.84282 -4.23498 -3.82546 -4.07535 0.392155
1210000 -3.81577 -4.12352 -3.82867 -4.01593 0.307746
1220000 -3.84522 -4.14463 -3.85053 -4.0311 0.299409
1230000 -3.8524 -4.15626 -3.86341 -4.03587 0.303859
1240000 -3.84952 -4.10902 -3.84594 -3.9854 0.259497
1250000 -3.85776 -4.13596 -3.86386 -4.02402 0.278208
1260000 -3.84045 -4.13784 -3.81226 -4.0241 0.297384
1270000 -3.86318 -4.16725 -3.85636 -4.04686 0.304067
1280000 -3.82435 -4.11497 -3.82348 -4.01336 0.290615
1290000 -3.85276 -4.13694 -3.85046 -4.03923 0.284179
1300000 -3.83202 -4.08603 -3.86017 -3.98533 0.254015
1310000 -3.84128 -4.15768 -3.8718 -4.00576 0.316398
1320000 -3.89197 -4.19173 -3.92419 -4.04744 0.299751
1330000 -3.82176 -4.1439 -3.82814 -3.98582 0.322133
1340000 -3.85717 -4.11322 -3.86664 -4.00003 0.256047
1350000 -3.88704 -4.12646 -3.93138 -4.01448 0.239418
1360000 -3.84471 -4.13981 -3.85795 -4.01808 0.295102
1370000 -3.83929 -4.10042 -3.84834 -3.97805 0.261133
1380000 -3.86296 -4.08805 -3.86567 -3.9956 0.225085
1390000 -3.84499 -4.05131 -3.82172 -3.96189 0.206317
1400000 -3.85371 -4.14457 -3.85173 -3.9779 0.29086
1410000 -3.84327 -4.07946 -3.86977 -3.96383 0.23619
1420000 -3.8377 -4.10353 -3.87139 -3.95662 0.265832
1430000 -3.85832 -4.12649 -3.86547 -4.01714 0.268174
1440000 -3.84566 -4.13373 -3.83896 -4.00515 0.288075
1450000 -3.85264 -4.12237 -3.85276 -4.02647 0.269729
1460000 -3.87454 -4.19577 -3.8766 -4.04894 0.321235
1470000 -3.86161 -4.17856 -3.83459 -4.02325 0.316956
1480000 -3.93142 -4.17647 -3.98362 -4.05605 0.245053
1490000 -3.86967 -4.17499 -3.88084 -4.06164 0.305328
1500000 -3.88673 -4.12854 -3.90087 -4.04584 0.24181
1510000 -3.89841 -4.15466 -3.9046 -4.06015 0.256251
1520000 -3.85785 -4.1391 -3.85805 -4.01148 0.281253
1530000 -3.86496 -4.17672 -3.8082 -4.09645 0.311762
1540000 -3.88862 -4.14312 -3.89798 -4.03906 0.254503
1550000 -3.85993 -4.12139 -3.83851 -4.0301 0.261462
1560000 -3.87868 -4.16915 -3.87164 -4.04084 0.290474
1570000 -3.89193 -4.14175 -3.88862 -4.05797 0.249819
1580000 -3.89282 -4.19784 -3.89477 -4.05896 0.305023
1590000 -3.89185 -4.10178 -3.88435 -4.06157 0.209929
1600000 -3.85889 -4.15598 -3.82059 -4.03941 0.297094
1610000 -3.85526 -4.19651 -3.87392 -3.99515 0.341259
1620000 -3.87951 -4.15569 -3.87146 -4.04063 0.27618
1630000 -3.88535 -4.10103 -3.88419 -4.01791 0.21568
1640000 -3.89303 -4.15643 -3.89335 -4.05713 0.263401
1650000 -3.90766 -4.12634 -3.88232 -4.02677 0.21868
1660000 -3.8831 -4.15692 -3.91499 -3.99441 0.273824
1670000 -3.89729 -4.23958 -3.89657 -4.05227 0.342285
1680000 -3.88692 -4.09808 -3.90827 -4.02089 0.21116
1690000 -3.91047 -4.16532 -3.9123 -4.0529 0.254849
1700000 -3.87522 -4.12613 -3.88478 -4.03316 0.250915
1710000 -3.92194 -4.12676 -3.93484 -4.03712 0.204817
1720000 -3.93444 -4.17458 -3.957 -4.04661 0.240143
1730000 -3.8932 -4.14228 -3.91089 -4.079 0.249088
1740000 -3.92365 -4.19956 -3.92116 -4.0671 0.27591
1750000 -3.88712 -4.22968 -3.88561 -4.06296 0.342557
1760000 -3.88216 -4.16133 -3.85642 -4.06328 0.279174
1770000 -3.91777 -4.17915 -3.91234 -4.1023 0.26138
1780000 -3.90289 -4.19477 -3.9115 -4.08681 0.291881
1790000 -3.89934 -4.13128 -3.89427 -4.04715 0.231933
1800000 -3.94347 -4.18283 -3.89833 -4.0957 0.239357
1810000 -3.96448 -4.21708 -3.96188 -4.11023 0.252602
1820000 -3.96455 -4.12274 -3.96566 -4.07767 0.158182
1830000 -3.89987 -4.17441 -3.91147 -4.03357 0.274539
1840000 -3.9087 -4.20678 -3.9088 -4.068 0.298084
1850000 -3.89511 -4.14631 -3.87054 -4.05597 0.2512
1860000 -3.89934 -4.15209 -3.91046 -4.04361 0.252749
1870000 -3.9202 -4.17134 -3.9484 -4.0479 0.25114
1880000 -3.93272 -4.1473 -3.89743 -4.0638 0.214578
1890000 -3.90321 -4.19097 -3.89148 -4.09712 0.287762
1900000 -3.90554 -4.19012 -3.88397 -4.09335 0.284573
1910000 -3.92152 -4.19415 -3.92256 -4.08947 0.272627
1920000 -3.89006 -4.17747 -3.86187 -4.07728 0.287413
1930000 -3.90593 -4.17903 -3.91076 -4.07002 0.273105
1940000 -3.91723 -4.15913 -3.91974 -4.06038 0.241904
1950000 -3.94496 -4.18672 -3.9417 -4.09457 0.241764
1960000 -3.95782 -4.2699 -3.89732 -4.15969 0.312083
1970000 -3.94707 -4.26777 -3.93101 -4.1456 0.320698
1980000 -3.95476 -4.24453 -3.99195 -4.12283 0.289773
1990000 -3.90718 -4.18337 -3.89778 -4.07061 0.276194
2000000 -3.95621 -4.23365 -3.91763 -4.12067 0.277438
2010000 -3.94493 -4.22698 -3.91907 -4.12 0.282047
2020000 -3.9631 -4.22371 -3.98212 -4.10987 0.26061
2030000 -3.95771 -4.21667 -3.94303 -4.11738 0.258959
2040000 -3.9465 -4.13859 -3.92607 -4.08033 0.192094
2050000 -3.97919 -4.20973 -4.00019 -4.10639 0.230532
2060000 -3.95653 -4.17416 -3.98357 -4.08454 0.217629
2070000 -3.89814 -4.19922 -3.92445 -4.07945 0.301077
2080000 -3.93419 -4.17148 -3.93029 -4.05973 0.237291
2090000 -3.95012 -4.22166 -3.96963 -4.12078 0.271545
2100000 -3.96624 -4.25461 -3.97255 -4.14076 0.288368
2110000 -3.9879 -4.22991 -3.97409 -4.17009 0.242008
2120000 -3.95755 -4.30488 -3.97606 -4.12474 0.347334
2130000 -3.93442 -4.25972 -3.90143 -4.14364 0.325301
2140000 -3.94471 -4.27354 -3.92357 -4.14022 0.328828
2150000 -3.99027 -4.24195 -4.0087 -4.15313 0.251677
2160000 -3.98916 -4.2573 -4.01282 -4.13896 0.268149
2170000 -3.96406 -4.24135 -3.92207 -4.1574 0.277285
2180000 -3.96819 -4.27876 -3.93838 -4.183 0.31057
2190000 -3.94849 -4.22736 -3.94041 -4.12641 0.278867
2200000 -3.95524 -4.27734 -3.94008 -4.16194 0.322103
2210000 -3.95605 -4.17711 -3.97884 -4.09002 0.221063
2220000 -3.97322 -4.21545 -3.98084 -4.122 0.242229
2230000 -3.99772 -4.28407 -3.97884 -4.15092 0.28635
2240000 -4.00635 -4.27734 -3.98009 -4.19273 0.270995
2250000 -4.01499 -4.27171 -4.00183 -4.20168 0.256723
2260000 -3.98656 -4.24636 -3.9717 -4.1533 0.259802
2270000 -3.9802 -4.30551 -3.96819 -4.19449 0.325314
2280000 -4.00264 -4.31879 -3.98349 -4.19106 0.316153
2290000 -3.96731 -4.23401 -3.94442 -4.14145 0.266706
2300000 -3.96449 -4.24339 -3.99123 -4.11115 0.278907
2310000 -3.99603 -4.27376 -3.99435 -4.17528 0.27773
2320000 -4.01442 -4.26432 -4.0158 -4.18756 0.249903
2330000 -3.99509 -4.28524 -3.99146 -4.17123 0.290147
2340000 -3.99392 -4.26929 -3.98086 -4.17699 0.275367
2350000 -4.01413 -4.29489 -4.02394 -4.14977 0.280768
2360000 -4.0264 -4.31709 -4.04207 -4.18666 0.290698
2370000 -4.00012 -4.26769 -4.03301 -4.15333 0.267568
2380000 -4.02555 -4.24006 -4.0463 -4.1221 0.214508
2390000 -4.03971 -4.28748 -4.03365 -4.19888 0.247764
2400000 -4.02047 -4.32064 -4.01341 -4.21722 0.300169
2410000 -4.02054 -4.3021 -4.01762 -4.19201 0.281558
2420000 -4.00401 -4.25166 -4.01911 -4.14036 0.24765
2430000 -3.98291 -4.27243 -3.98608 -4.12095 0.289518
2440000 -3.97261 -4.22312 -3.98806 -4.10526 0.250511
2450000 -4.0214 -4.29992 -4.00591 -4.23112 0.278523
2460000 -4.01282 -4.25166 -3.99125 -4.16063 0.238839
2470000 -4.00534 -4.26905 -3.9936 -4.16908 0.263713
2480000 -4.01855 -4.27279 -4.01508 -4.18674 0.254236
2490000 -4.04638 -4.31852 -4.03833 -4.2521 0.272137
2500000 -4.03101 -4.28819 -4.03161 -4.20518 0.257188
2510000 -4.01262 -4.30974 -4.05835 -4.14932 0.297121
2520000 -3.99182 -4.26575 -3.99523 -4.1439 0.27393
2530000 -4.02791 -4.28739 -4.00414 -4.17543 0.259476
2540000 -4.03196 -4.30318 -4.0059 -4.17478 0.271214
2550000 -4.02872 -4.33269 -4.02947 -4.20017 0.303966
2560000 -4.04884 -4.28639 -4.05059 -4.19409 0.237551
2570000 -4.03879 -4.33893 -4.0254 -4.19331 0.300138
2580000 -4.00537 -4.26622 -4.02314 -4.12647 0.260855
2590000 -4.01848 -4.2675 -3.99256 -4.18748 0.249025
2600000 -4.01612 -4.25727 -4.01428 -4.18821 0.241153
2610000 -4.04908 -4.28569 -4.04717 -4.19704 0.236609
2620000 -4.06933 -4.29612 -4.07057 -4.19293 0.226791
2630000 -4.05378 -4.26523 -4.05766 -4.18611 0.211447
2640000 -4.00873 -4.24444 -4.01919 -4.17045 0.235707
2650000 -4.03801 -4.32312 -4.06056 -4.18617 0.285105
2660000 -4.04142 -4.25653 -4.07592 -4.12568 0.215108
2670000 -3.99488 -4.24837 -3.99305 -4.15081 0.253486
2680000 -4.04559 -4.24273 -4.04243 -4.17908 0.197146
2690000 -4.03678 -4.27442 -4.03741 -4.19616 0.237638
2700000 -4.06232 -4.30461 -4.07806 -4.21202 0.242297
2710000 -4.05357 -4.27415 -4.06788 -4.16832 0.220579
2720000 -4.0687 -4.29084 -4.07179 -4.21731 0.222137
2730000 -4.107 -4.34383 -4.11803 -4.22097 0.236828
2740000 -4.06702 -4.32142 -4.04433 -4.2205 0.2544
2750000 -4.03703 -4.30061 -4.01252 -4.20743 0.263582
2760000 -4.03326 -4.29467 -3.99509 -4.21279 0.261415
2770000 -4.03961 -4.29595 -4.00964 -4.20332 0.256333
2780000 -4.03595 -4.33118 -4.04329 -4.18259 0.295234
2790000 -4.06307 -4.30531 -4.02874 -4.20694 0.242242
2800000 -4.04808 -4.28985 -4.03122 -4.21789 0.241771
2810000 -4.05694 -4.31839 -4.05964 -4.15788 0.261448
2820000 -4.06678 -4.29121 -4.08977 -4.16233 0.224436
2830000 -4.04062 -4.31218 -4.033 -4.21003 0.271559
2840000 -4.07422 -4.26894 -4.08993 -4.16466 0.194717
2850000 -4.0504 -4.28407 -4.05139 -4.19001 0.233667
2860000 -4.07547 -4.30048 -4.06384 -4.18644 0.225016
2870000 -4.08539 -4.25722 -4.08867 -4.1784 0.171835
2880000 -4.06268 -4.25758 -4.07607 -4.17638 0.1949
2890000 -4.0625 -4.28725 -4.02315 -4.23122 0.22475
2900000 -4.06577 -4.31864 -4.05608 -4.21244 0.252876
2910000 -4.05803 -4.26584 -4.08004 -4.1765 0.207808
2920000 -4.07525 -4.29968 -4.0977 -4.20132 0.224434
2930000 -4.08031 -4.27689 -4.07065 -4.19423 0.196578
2940000 -4.09536 -4.35124 -4.07526 -4.25174 0.255881
2950000 -4.07035 -4.30927 -4.08929 -4.17715 0.238918
2960000 -4.0861 -4.29395 -4.08233 -4.20264 0.207853
2970000 -4.05994 -4.30307 -4.05279 -4.18891 0.243134
2980000 -4.08617 -4.30692 -4.08805 -4.23726 0.220747
2990000 -4.08798 -4.31384 -4.07321 -4.26326 0.225859
3000000 -4.06417 -4.29883 -4.07353 -4.1927 0.234657
3010000 -4.08666 -4.30479 -4.06837 -4.23742 0.218131
3020000 -4.08491 -4.34081 -4.09127 -4.2149 0.255904
3030000 -4.11194 -4.36421 -4.09961 -4.25379 0.252277
3040000 -4.08954 -4.33815 -4.07462 -4.25107 0.248609
3050000 -4.11281 -4.35785 -4.12122 -4.22287 0.245038
3060000 -4.10182 -4.27258 -4.1219 -4.21981 0.170758
3070000 -4.09018 -4.35563 -4.10723 -4.24372 0.265448
3080000 -4.12544 -4.3093 -4.11922 -4.23829 0.183862
3090000 -4.11618 -4.31444 -4.13514 -4.233 0.198262
3100000 -4.12154 -4.35377 -4.13994 -4.23661 0.232232
3110000 -4.15097 -4.39075 -4.16636 -4.29514 0.239776
3120000 -4.12392 -4.36856 -4.11642 -4.29731 0.244644
3130000 -4.14706 -4.34174 -4.1472 -4.2548 0.194685
3140000 -4.13988 -4.35165 -4.16189 -4.26411 0.211766
3150000 -4.13127 -4.39926 -4.11775 -4.26882 0.267992
3160000 -4.15345 -4.34938 -4.1789 -4.2586 0.195926
3170000 -4.15054 -4.32633 -4.17425 -4.24607 0.175787
3180000 -4.15733 -4.35584 -4.15799 -4.27897 0.198511
3190000 -4.15404 -4.34893 -4.16292 -4.25242 0.194886
3200000 -4.16094 -4.35451 -4.16683 -4.25696 0.193577
3210000 -4.16381 -4.42273 -4.18037 -4.29493 0.258922
3220000 -4.17367 -4.36885 -4.17333 -4.28783 0.195177
3230000 -4.1418 -4.35206 -4.1212 -4.27042 0.210261
3240000 -4.15212 -4.36274 -4.15102 -4.2593 0.210621
3250000 -4.15321 -4.33798 -4.13638 -4.27176 0.184773
3260000 -4.15784 -4.38629 -4.15931 -4.27977 0.228456
3270000 -4.159 -4.39364 -4.15916 -4.29131 0.234637
3280000 -4.17696 -4.3897 -4.16452 -4.31137 0.212733
3290000 -4.18019 -4.40329 -4.17392 -4.31016 0.223103
3300000 -4.20088 -4.41595 -4.18553 -4.34772 0.215072
3310000 -4.19319 -4.41106 -4.18244 -4.33189 0.217875
3320000 -4.19986 -4.39781 -4.20743 -4.31526 0.197957
3330000 -4.1714 -4.37302 -4.16777 -4.30452 0.201629
3340000 -4.18454 -4.40764 -4.19054 -4.30007 0.223099
3350000 -4.16283 -4.40545 -4.16975 -4.29229 0.242627
3360000 -4.18408 -4.39985 -4.19541 -4.29951 0.21577
3370000 -4.18477 -4.38004 -4.20033 -4.29882 0.19527
3380000 -4.20157 -4.39117 -4.21657 -4.31266 0.189598
3390000 -4.19281 -4.41651 -4.20835 -4.34036 0.223698
3400000 -4.18834 -4.41527 -4.17662 -4.32508 0.226928
3410000 -4.20174 -4.42201 -4.197 -4.31801 0.220268
3420000 -4.17247 -4.40963 -4.17202 -4.31536 0.237158
3430000 -4.20531 -4.37232 -4.21418 -4.30766 0.167014
3440000 -4.2222 -4.38605 -4.2336 -4.30513 0.163848
3450000 -4.19482 -4.41691 -4.22072 -4.30306 0.222097
3460000 -4.20847 -4.41245 -4.23027 -4.30203 0.203985
3470000 -4.22858 -4.43501 -4.22348 -4.34196 0.206428
3480000 -4.22362 -4.40402 -4.22679 -4.32978 0.180394
3490000 -4.2301 -4.40755 -4.21898 -4.34179 0.177451
3500000 -4.22341 -4.37774 -4.24603 -4.30719 0.154328
3510000 -4.24179 -4.39636 -4.23813 -4.32884 0.154573
3520000 -4.24829 -4.40781 -4.27139 -4.32852 0.159519
3530000 -4.23687 -4.40377 -4.24346 -4.33052 0.166898
3540000 -4.24553 -4.39734 -4.2335 -4.33602 0.151809
3550000 -4.23876 -4.42331 -4.23014 -4.34493 0.184549
3560000 -4.24368 -4.41291 -4.25438 -4.33311 0.169235
3570000 -4.22689 -4.41092 -4.23398 -4.32322 0.184029
3580000 -4.26634 -4.41809 -4.28091 -4.37031 0.151744
3590000 -4.24701 -4.43874 -4.24942 -4.36675 0.191726
3600000 -4.26209 -4.45344 -4.26326 -4.36163 0.191345
3610000 -4.26329 -4.44137 -4.24927 -4.37219 0.178088
3620000 -4.25084 -4.43425 -4.24908 -4.36814 0.183407
3630000 -4.24889 -4.45354 -4.23588 -4.36638 0.204649
3640000 -4.26712 -4.43236 -4.26509 -4.38293 0.165231
3650000 -4.28167 -4.43675 -4.27505 -4.3926 0.155079
3660000 -4.27692 -4.44355 -4.28632 -4.36633 0.166627
3670000 -4.28756 -4.43821 -4.30031 -4.36743 0.150645
3680000 -4.28731 -4.46192 -4.28493 -4.38047 0.174605
3690000 -4.28687 -4.45524 -4.28262 -4.39191 0.168376
3700000 -4.29314 -4.46087 -4.28419 -4.37683 0.167729
3710000 -4.29471 -4.45794 -4.27742 -4.39456 0.163233
3720000 -4.29842 -4.44937 -4.28393 -4.38744 0.150947
3730000 -4.30359 -4.46743 -4.30652 -4.38358 0.163841
3740000 -4.29578 -4.4595 -4.29947 -4.3932 0.163723
3750000 -4.31847 -4.46178 -4.30447 -4.40352 0.14331
3760000 -4.32423 -4.46446 -4.31099 -4.40695 0.140231
3770000 -4.30445 -4.45757 -4.30705 -4.38619 0.153116
3780000 -4.31371 -4.46383 -4.29684 -4.40793 0.150122
3790000 -4.30644 -4.47797 -4.28849 -4.40887 0.171524
3800000 -4.32236 -4.47313 -4.28966 -4.42548 0.150769
3810000 -4.3069 -4.45744 -4.28687 -4.4169 0.150544
3820000 -4.33375 -4.47285 -4.31573 -4.4434 0.1391
3830000 -4.32779 -4.47202 -4.31895 -4.42882 0.144224
3840000 -4.33279 -4.46163 -4.32212 -4.41289 0.128841
3850000 -4.3538 -4.48017 -4.34366 -4.44554 0.12637
3860000 -4.33529 -4.4904 -4.33386 -4.42872 0.155107
3870000 -4.35656 -4.49396 -4.3567 -4.42731 0.137399
3880000 -4.34445 -4.48492 -4.33353 -4.43344 0.140463
3890000 -4.34714 -4.48964 -4.3441 -4.42158 0.142502
3900000 -4.34974 -4.49828 -4.35231 -4.43336 0.148542
3910000 -4.34964 -4.49782 -4.34539 -4.43981 0.148186
3920000 -4.36231 -4.49992 -4.34769 -4.44199 0.137603
3930000 -4.34726 -4.48807 -4.34183 -4.42885 0.140808
3940000 -4.36448 -4.49289 -4.35019 -4.43947 0.128411
3950000 -4.35599 -4.48766 -4.34686 -4.43718 0.131671
3960000 -4.36333 -4.48265 -4.35049 -4.44415 0.11932
3970000 -4.36155 -4.48062 -4.34074 -4.44689 0.119068
3980000 -4.3732 -4.49592 -4.3648 -4.44617 0.122723
3990000 -4.36505 -4.49279 -4.35581 -4.44186 0.127736
4000000 -4.37095 -4.49196 -4.35892 -4.44348 0.121009
4010000 -4.37804 -4.49484 -4.37875 -4.44616 0.1168
4020000 -4.38952 -4.50507 -4.38311 -4.46182 0.11555
4030000 -4.37064 -4.49043 -4.36224 -4.44761 0.119791
4040000 -4.3849 -4.5051 -4.39372 -4.45106 0.120205
4050000 -4.36851 -4.47588 -4.35885 -4.43219 0.107365
4060000 -4.38121 -4.48588 -4.38919 -4.42609 0.104672
4070000 -4.37552 -4.48845 -4.38583 -4.41911 0.112927
4080000 -4.39851 -4.49595 -4.41183 -4.45422 0.0974418
4090000 -4.38098 -4.49466 -4.38807 -4.43921 0.113679
4100000 -4.38098 -4.48447 -4.3886 -4.43537 0.103487
4110000 -4.38306 -4.48664 -4.3911 -4.43513 0.103577
4120000 -4.39763 -4.49914 -4.40326 -4.45234 0.101512
4130000 -4.39313 -4.4934 -4.40575 -4.44551 0.100268
4140000 -4.39222 -4.51456 -4.39453 -4.45679 0.122344
4150000 -4.39624 -4.50187 -4.41431 -4.4466 0.105629
4160000 -4.40017 -4.50872 -4.40897 -4.45568 0.108552
4170000 -4.39769 -4.49578 -4.40876 -4.44286 0.0980894
4180000 -4.40953 -4.49724 -4.41722 -4.45622 0.0877161
4190000 -4.41961 -4.51242 -4.42065 -4.46682 0.0928153
4200000 -4.40786 -4.49632 -4.41759 -4.45435 0.0884599
4210000 -4.41605 -4.5037 -4.42777 -4.46136 0.0876483
4220000 -4.41149 -4.51226 -4.41412 -4.46384 0.100772
4230000 -4.41559 -4.51944 -4.41029 -4.46895 0.103849
4240000 -4.4091 -4.5123 -4.42019 -4.45558 0.103203
4250000 -4.4256 -4.51753 -4.43138 -4.46143 0.0919296
4260000 -4.42051 -4.51935 -4.42186 -4.47094 0.098837
4270000 -4.42568 -4.51742 -4.42195 -4.47953 0.0917361
4280000 -4.42812 -4.52424 -4.42221 -4.47569 0.0961201
4290000 -4.45122 -4.51429 -4.45742 -4.48038 0.0630745
4300000 -4.44005 -4.52756 -4.44756 -4.4796 0.087508
4310000 -4.45482 -4.52228 -4.4612 -4.48509 0.0674589
4320000 -4.43921 -4.5117 -4.44111 -4.48135 0.0724894
4330000 -4.44771 -4.52666 -4.44805 -4.48863 0.0789468
4340000 -4.4434 -4.52977 -4.44835 -4.48708 0.0863763
4350000 -4.46157 -4.53125 -4.46509 -4.49889 0.0696781
4360000 -4.45923 -4.52685 -4.4599 -4.49313 0.0676141
4370000 -4.46556 -4.54341 -4.46848 -4.504 0.0778462
4380000 -4.45398 -4.53194 -4.45689 -4.49283 0.0779589
4390000 -4.45863 -4.52914 -4.4632 -4.49898 0.0705196
4400000 -4.45857 -4.53015 -4.46221 -4.48769 0.0715757
4410000 -4.46689 -4.5408 -4.46931 -4.50899 0.0739164
4420000 -4.46095 -4.52618 -4.46265 -4.49411 0.0652328
4430000 -4.46676 -4.53523 -4.46774 -4.50771 0.068474
4440000 -4.4696 -4.54028 -4.47029 -4.50445 0.0706837
4450000 -4.46761 -4.53498 -4.47211 -4.50004 0.0673709
4460000 -4.46797 -4.53286 -4.46819 -4.50499 0.0648942
4470000 -4.46602 -4.52512 -4.46605 -4.49769 0.0591041
4480000 -4.47567 -4.53932 -4.4794 -4.50362 0.0636459
4490000 -4.47722 -4.52782 -4.48109 -4.50043 0.0506021
4500000 -4.47348 -4.53863 -4.4819 -4.50485 0.0651451
4510000 -4.46866 -4.53658 -4.46953 -4.50582 0.0679167
4520000 -4.47024 -4.541 -4.47188 -4.5095 0.0707607
4530000 -4.47158 -4.5301 -4.47799 -4.49494 0.0585211
4540000 -4.46483 -4.53736 -4.46967 -4.50365 0.0725367
4550000 -4.4758 -4.54354 -4.48209 -4.51309 0.0677439
4560000 -4.47069 -4.53802 -4.46949 -4.51462 0.067325
4570000 -4.47984 -4.54171 -4.48386 -4.51402 0.0618664
4580000 -4.47819 -4.53644 -4.47964 -4.50978 0.0582463
4590000 -4.47746 -4.54097 -4.47815 -4.50955 0.0635072
4600000 -4.47529 -4.53199 -4.47336 -4.50888 0.0566988
4610000 -4.4891 -4.55245 -4.48513 -4.52565 0.0633541
4620000 -4.48006 -4.53595 -4.4837 -4.50936 0.0558908
4630000 -4.49037 -4.54993 -4.48775 -4.52352 0.0595605
4640000 -4.4843 -4.54186 -4.48944 -4.51416 0.0575615
4650000 -4.48177 -4.53957 -4.48738 -4.51443 0.0578077
4660000 -4.49638 -4.54505 -4.50118 -4.51874 0.0486669
4670000 -4.48301 -4.54513 -4.48114 -4.52509 0.0621227
4680000 -4.49431 -4.54854 -4.49561 -4.52034 0.0542343
4690000 -4.48682 -4.54461 -4.48617 -4.51966 0.057787
4700000 -4.49279 -4.54722 -4.49643 -4.52073 0.0544266
4710000 -4.48183 -4.54471 -4.48716 -4.51502 0.0628793
4720000 -4.49289 -4.55464 -4.49764 -4.52345 0.0617465
4730000 -4.48575 -4.54777 -4.48573 -4.52259 0.0620232
4740000 -4.5033 -4.55419 -4.50647 -4.52784 0.0508928
4750000 -4.49834 -4.55802 -4.49673 -4.53342 0.0596792
4760000 -4.48522 -4.54934 -4.48658 -4.51702 0.0641215
4770000 -4.4902 -4.54236 -4.48989 -4.52266 0.052159
4780000 -4.49915 -4.56058 -4.49888 -4.53572 0.0614305
4790000 -4.50296 -4.54578 -4.50858 -4.52419 0.0428256
4800000 -4.49526 -4.55591 -4.49415 -4.52627 0.0606477
4810000 -4.5096 -4.56206 -4.51127 -4.53525 0.0524596
4820000 -4.50357 -4.55743 -4.50241 -4.53104 0.0538518
4830000 -4.50116 -4.54933 -4.50694 -4.52494 0.0481712
4840000 -4.50288 -4.56577 -4.50113 -4.53636 0.0628863
4850000 -4.48924 -4.54517 -4.49225 -4.51747 0.0559227
4860000 -4.50091 -4.55122 -4.50182 -4.52953 0.0503052
4870000 -4.50261 -4.55566 -4.50541 -4.53066 0.0530494
4880000 -4.5021 -4.56001 -4.50108 -4.53628 0.0579069
4890000 -4.51046 -4.56173 -4.51484 -4.53282 0.0512674
4900000 -4.49649 -4.5528 -4.49304 -4.5265 0.0563085
4910000 -4.50557 -4.5615 -4.50546 -4.53558 0.0559239
4920000 -4.49376 -4.54398 -4.49634 -4.52182 0.0502175
4930000 -4.5118 -4.56127 -4.51398 -4.53553 0.0494719
4940000 -4.51969 -4.56779 -4.52472 -4.54462 0.048099
4950000 -4.51035 -4.55939 -4.5125 -4.53727 0.0490375
4960000 -4.51364 -4.55865 -4.51631 -4.53944 0.0450064
4970000 -4.51144 -4.55818 -4.51409 -4.53364 0.0467359
4980000 -4.51425 -4.5594 -4.51323 -4.53618 0.0451511
4990000 -4.51944 -4.56229 -4.52383 -4.53891 0.0428442
5000000 -4.52055 -4.56702 -4.52614 -4.54322 0.0464622
5010000 -4.51859 -4.56784 -4.52059 -4.54442 0.0492565
5020000 -4.51533 -4.55854 -4.51731 -4.53789 0.0432032
5030000 -4.52367 -4.567 -4.52227 -4.54835 0.0433312
5040000 -4.52454 -4.55994 -4.52811 -4.53987 0.0354014
5050000 -4.52129 -4.56782 -4.52617 -4.54254 0.0465306
5060000 -4.52897 -4.56291 -4.5323 -4.54508 0.0339444
5070000 -4.52148 -4.56898 -4.52502 -4.54564 0.0474984
5080000 -4.52222 -4.5725 -4.52384 -4.54612 0.0502842
5090000 -4.52621 -4.56743 -4.52713 -4.54686 0.0412184
5100000 -4.52365 -4.56914 -4.52558 -4.54518 0.0454894
5110000 -4.52736 -4.57009 -4.528 -4.54834 0.0427315
5120000 -4.53256 -4.57259 -4.53658 -4.55166 0.0400361
5130000 -4.5278 -4.5651 -4.53364 -4.54443 0.0372908
5140000 -4.53091 -4.56917 -4.53632 -4.54803 0.0382623
5150000 -4.53274 -4.57276 -4.53734 -4.55316 0.0400202
5160000 -4.53003 -4.57573 -4.53189 -4.55211 0.0456965
5170000 -4.53597 -4.57391 -4.53784 -4.55263 0.0379337
5180000 -4.5354 -4.57362 -4.54221 -4.55281 0.0382238
5190000 -4.53835 -4.57578 -4.54359 -4.55321 0.0374304
5200000 -4.53409 -4.57684 -4.53674 -4.55401 0.0427466
5210000 -4.53347 -4.57495 -4.53443 -4.55518 0.0414761
5220000 -4.53433 -4.57666 -4.53694 -4.55412 0.0423259
5230000 -4.53712 -4.57621 -4.54048 -4.55538 0.0390942
5240000 -4.54392 -4.57862 -4.54405 -4.56183 0.0346929
5250000 -4.54031 -4.58015 -4.54355 -4.56088 0.0398485
5260000 -4.54332 -4.57745 -4.54836 -4.56197 0.0341299
5270000 -4.53612 -4.57287 -4.54047 -4.55748 0.0367504
5280000 -4.54251 -4.58228 -4.54288 -4.56274 0.039779
5290000 -4.54482 -4.57958 -4.54948 -4.56184 0.0347605
5300000 -4.54978 -4.58003 -4.55592 -4.56318 0.0302582
5310000 -4.54062 -4.57472 -4.54601 -4.55422 0.0341028
5320000 -4.54671 -4.57658 -4.55264 -4.55978 0.0298671
5330000 -4.54928 -4.58017 -4.55288 -4.56367 0.0308817
5340000 -4.5454 -4.5816 -4.54518 -4.56466 0.0361982
5350000 -4.54719 -4.58242 -4.54988 -4.56412 0.0352315
5360000 -4.54984 -4.58207 -4.55306 -4.56429 0.0322293
5370000 -4.55045 -4.58065 -4.55209 -4.56534 0.0301957
5380000 -4.55368 -4.58469 -4.55575 -4.56867 0.0310012
5390000 -4.55068 -4.58466 -4.55257 -4.56729 0.0339807
5400000 -4.55473 -4.5905 -4.55611 -4.57115 0.035767
5410000 -4.55363 -4.58357 -4.55609 -4.56698 0.029947
5420000 -4.55603 -4.58783 -4.55825 -4.56996 0.0317965
5430000 -4.55295 -4.58676 -4.55655 -4.5674 0.0338143
5440000 -4.55706 -4.58824 -4.55898 -4.57217 0.031179
5450000 -4.55442 -4.58566 -4.55881 -4.56668 0.0312417
5460000 -4.55867 -4.589 -4.55986 -4.5742 0.0303331
5470000 -4.56116 -4.59349 -4.56403 -4.57419 0.0323301
5480000 -4.56327 -4.5889 -4.56592 -4.57458 0.0256335
5490000 -4.56529 -4.59037 -4.56878 -4.57612 0.0250835
5500000 -4.56206 -4.58662 -4.56753 -4.57303 0.0245553
5510000 -4.56259 -4.59134 -4.56586 -4.5735 0.0287445
5520000 -4.55972 -4.58904 -4.56465 -4.56978 0.0293149
5530000 -4.56361 -4.59152 -4.56623 -4.57363 0.0279114
5540000 -4.56537 -4.59011 -4.56768 -4.57618 0.0247422
5550000 -4.56861 -4.59777 -4.56974 -4.5815 0.02916
5560000 -4.56722 -4.5935 -4.56995 -4.57787 0.0262777
5570000 -4.56405 -4.58681 -4.57013 -4.57467 0.0227524
5580000 -4.57028 -4.59629 -4.57328 -4.58099 0.0260098
5590000 -4.5687 -4.59321 -4.57089 -4.58012 0.0245101
5600000 -4.5695 -4.59295 -4.57475 -4.57901 0.0234504
5610000 -4.57192 -4.59474 -4.57511 -4.58151 0.0228192
5620000 -4.56921 -4.59204 -4.57264 -4.57746 0.0228386
5630000 -4.57324 -4.59791 -4.57529 -4.58244 0.0246664
5640000 -4.57278 -4.59502 -4.57529 -4.58194 0.0222464
5650000 -4.57425 -4.59727 -4.57827 -4.58329 0.0230194
5660000 -4.57445 -4.5966 -4.57733 -4.58316 0.0221482
5670000 -4.57895 -4.60008 -4.58402 -4.58557 0.0211283
5680000 -4.57518 -4.59605 -4.57964 -4.58368 0.0208768
5690000 -4.58007 -4.59962 -4.58297 -4.58791 0.0195513
5700000 -4.57839 -4.59964 -4.58099 -4.58648 0.0212446
5710000 -4.58199 -4.60007 -4.58489 -4.58831 0.0180766
5720000 -4.57641 -4.60083 -4.57921 -4.58626 0.0244229
5730000 -4.58151 -4.60177 -4.58519 -4.58774 0.020267
5740000 -4.57993 -4.602 -4.58266 -4.58662 0.022072
5750000 -4.58029 -4.60096 -4.58497 -4.58718 0.020669
5760000 -4.58181 -4.58033 -4.58633 -4.57692 -0.00147456
5770000 -4.57858 -4.57626 -4.58302 -4.57343 -0.00232055
5780000 -4.57853 -4.57529 -4.58394 -4.57346 -0.00323685
5790000 -4.57975 -4.57473 -4.58574 -4.57194 -0.00502027
5800000 -4.58158 -4.5786 -4.58617 -4.57644 -0.00297822
5810000 -4.57898 -4.57624 -4.58333 -4.5739 -0.00274536
5820000 -4.58039 -4.57438 -4.58638 -4.57341 -0.0060046
5830000 -4.58247 -4.57463 -4.58695 -4.57423 -0.00783904
5840000 -4.58005 -4.57196 -4.58604 -4.57165 -0.00809842
5850000 -4.58149 -4.57869 -4.58721 -4.57411 -0.00280359
5860000 -4.58055 -4.58177 -4.58561 -4.57804 0.0012207
5870000 -4.58051 -4.57963 -4.58467 -4.57637 -0.000874254
5880000 -4.5777 -4.57521 -4.58445 -4.5717 -0.00248093
5890000 -4.58084 -4.57371 -4.58898 -4.57134 -0.0071277
5900000 -4.58119 -4.57879 -4.58651 -4.57538 -0.00239341
5910000 -4.58106 -4.57922 -4.58522 -4.57597 -0.00183858
5920000 -4.57882 -4.57632 -4.58307 -4.57434 -0.00249942
5930000 -4.57583 -4.57291 -4.58067 -4.57066 -0.00292418
5940000 -4.58016 -4.57572 -4.58507 -4.57364 -0.00444203
5950000 -4.58012 -4.57694 -4.58675 -4.57483 -0.00317759
5960000 -4.58051 -4.5798 -4.58528 -4.57727 -0.000708407
5970000 -4.57563 -4.57358 -4.58185 -4.56904 -0.00204589
5980000 -4.58103 -4.57651 -4.58583 -4.57549 -0.00452014
5990000 -4.57894 -4.57628 -4.58482 -4.57173 -0.00266581
6000000 -4.57756 -4.57235 -4.58188 -4.56926 -0.00521
6010000 -4.57839 -4.57842 -4.58358 -4.57355 2.75051e-05
6020000 -4.57686 -4.5799 -4.58227 -4.57369 0.00304524
6030000 -4.57961 -4.57688 -4.58428 -4.5741 -0.00272603
6040000 -4.57849 -4.57691 -4.58485 -4.57392 -0.00158281
6050000 -4.58022 -4.58023 -4.5843 -4.5744 1.21364e-05
6060000 -4.58186 -4.57908 -4.58567 -4.57647 -0.00277576
6070000 -4.58225 -4.57916 -4.58719 -4.57583 -0.00309242
6080000 -4.58369 -4.58026 -4.58923 -4.57641 -0.00343367
6090000 -4.58275 -4.57902 -4.58732 -4.57725 -0.0037283
6100000 -4.58404 -4.58223 -4.58966 -4.57866 -0.00181707
6110000 -4.58218 -4.5792 -4.58679 -4.57662 -0.00298354
6120000 -4.58551 -4.5847 -4.59123 -4.58066 -0.000818506
6130000 -4.58646 -4.58324 -4.59295 -4.58039 -0.0032182
6140000 -4.58632 -4.58516 -4.5908 -4.58198 -0.00115128
6150000 -4.58982 -4.58237 -4.59538 -4.58075 -0.00744988
6160000 -4.58736 -4.582 -4.59231 -4.57971 -0.00535698
6170000 -4.59069 -4.58748 -4.59581 -4.58478 -0.00320345
6180000 -4.5907 -4.58586 -4.59636 -4.58335 -0.00484259
6190000 -4.5907 -4.58781 -4.5955 -4.58587 -0.00289532
6200000 -4.59087 -4.58651 -4.59466 -4.58497 -0.00435427
6210000 -4.59285 -4.58988 -4.59777 -4.5872 -0.00296331
6220000 -4.59426 -4.59041 -4.59966 -4.58783 -0.00384569
6230000 -4.59546 -4.58744 -4.60048 -4.58542 -0.00802777
6240000 -4.59599 -4.58785 -4.60207 -4.58676 -0.00814381
6250000 -4.59618 -4.59148 -4.60089 -4.58932 -0.00469872
6260000 -4.59572 -4.59201 -4.60188 -4.58934 -0.00370477
6270000 -4.59561 -4.58881 -4.60219 -4.58631 -0.00679648
6280000 -4.59716 -4.59107 -4.60257 -4.58939 -0.00608433
6290000 -4.59928 -4.59111 -4.60489 -4.5897 -0.00816849
6300000 -4.59881 -4.59237 -4.60385 -4.59046 -0.00644699
6310000 -4.60159 -4.59837 -4.60704 -4.59587 -0.00321266
6320000 -4.60005 -4.59216 -4.60546 -4.59038 -0.00789193
6330000 -4.60265 -4.59826 -4.60802 -4.59571 -0.00438772
6340000 -4.60136 -4.59685 -4.60738 -4.59376 -0.00451018
6350000 -4.60385 -4.59697 -4.60921 -4.59543 -0.00687997
6360000 -4.60409 -4.59796 -4.60935 -4.59569 -0.00612839
6370000 -4.60357 -4.59672 -4.60867 -4.59538 -0.0068559
6380000 -4.60515 -4.59774 -4.61108 -4.5964 -0.00740983
6390000 -4.60587 -4.59963 -4.61118 -4.59756 -0.00623981
6400000 -4.60697 -4.59896 -4.61191 -4.59793 -0.00801643
6410000 -4.60768 -4.60069 -4.61331 -4.59919 -0.00698651
6420000 -4.60841 -4.60084 -4.61363 -4.59913 -0.00756506
6430000 -4.60931 -4.60091 -4.61486 -4.6001 -0.0084002
6440000 -4.60982 -4.60088 -4.61561 -4.59954 -0.00893848
6450000 -4.61038 -4.60138 -4.61569 -4.60073 -0.00900382
6460000 -4.6116 -4.60295 -4.61645 -4.60212 -0.0086518
6470000 -4.61225 -4.60399 -4.61767 -4.603 -0.00826333
6480000 -4.61224 -4.60112 -4.61808 -4.60103 -0.0111248
6490000 -4.61339 -4.60423 -4.61888 -4.60328 -0.00916409
6500000 -4.61403 -4.60241 -4.61958 -4.60258 -0.0116133
