# Time-averaged data for fix pe_output
# TimeStep v_pe_aSiAverage v_pe_cSiAverage v_pe_aSi_pureAverage v_pe_cSi_pureAverage v_excessEnergy
10000 -2.87653 -3.18172 -2.94934 -3.29665 0.305185
20000 -2.88087 -3.20689 -2.95245 -3.29665 0.326018
30000 -2.88426 -3.21288 -2.93626 -3.29665 0.328618
40000 -2.90275 -3.21569 -2.95275 -3.29665 0.312947
50000 -2.90793 -3.23498 -2.93385 -3.29665 0.327045
60000 -2.91157 -3.23621 -2.93568 -3.29665 0.324638
70000 -2.91229 -3.23421 -2.94002 -3.29665 0.321918
80000 -2.9139 -3.2339 -2.94501 -3.29665 0.320003
90000 -2.90926 -3.23602 -2.94473 -3.29665 0.326766
100000 -2.91168 -3.2357 -2.9399 -3.29665 0.324013
110000 -2.91159 -3.23495 -2.93832 -3.29665 0.323365
120000 -2.91296 -3.23545 -2.94197 -3.29665 0.322488
130000 -2.91133 -3.23532 -2.9445 -3.29665 0.323984
140000 -2.91068 -3.23694 -2.94321 -3.29665 0.326253
150000 -2.91024 -3.23553 -2.93934 -3.29665 0.325286
160000 -2.9138 -3.23349 -2.94097 -3.29665 0.319693
170000 -2.90975 -3.23555 -2.93514 -3.29665 0.3258
180000 -2.9127 -3.23472 -2.94234 -3.29665 0.322017
190000 -2.90951 -3.23452 -2.93662 -3.29665 0.325006
200000 -2.91402 -3.23544 -2.945 -3.29665 0.321419
210000 -2.91031 -3.23544 -2.93703 -3.29665 0.325129
220000 -2.91255 -3.23621 -2.94234 -3.29665 0.323663
230000 -2.91234 -3.23404 -2.94056 -3.29665 0.321703
240000 -2.91366 -3.23542 -2.93953 -3.29665 0.321764
250000 -2.9129 -3.23488 -2.94085 -3.29665 0.321982
260000 -2.91271 -3.23463 -2.94489 -3.29665 0.321923
270000 -2.91178 -3.23566 -2.94363 -3.29665 0.323884
280000 -2.91113 -3.23477 -2.93608 -3.29665 0.323631
290000 -2.91424 -3.23389 -2.94155 -3.29665 0.319648
300000 -2.90801 -3.23541 -2.93834 -3.29665 0.327403
310000 -2.91255 -3.23399 -2.94017 -3.29665 0.321441
320000 -2.91456 -3.23486 -2.94519 -3.29665 0.320297
330000 -2.90943 -3.23713 -2.93808 -3.29665 0.327697
340000 -2.9139 -3.23578 -2.94123 -3.29665 0.321875
350000 -2.91227 -3.23489 -2.94623 -3.29665 0.322629
360000 -2.91567 -3.23607 -2.94518 -3.29665 0.320402
370000 -2.91032 -3.23506 -2.94559 -3.29665 0.324747
380000 -2.9079 -3.23644 -2.93811 -3.29665 0.328544
390000 -2.91324 -3.2357 -2.94191 -3.29665 0.322461
400000 -2.91125 -3.23487 -2.94413 -3.29665 0.323617
410000 -2.91228 -3.23515 -2.93992 -3.29665 0.322874
420000 -2.91687 -3.23507 -2.94872 -3.29665 0.318203
430000 -2.91471 -3.2345 -2.94187 -3.29665 0.319789
440000 -2.91697 -3.23532 -2.94753 -3.29665 0.318354
450000 -2.91479 -3.23589 -2.9413 -3.29665 0.321096
460000 -2.91636 -3.23638 -2.94499 -3.29665 0.320017
470000 -2.91565 -3.23572 -2.94371 -3.29665 0.320075
480000 -2.91961 -3.23414 -2.95007 -3.29665 0.314527
490000 -2.91762 -3.23559 -2.94809 -3.29665 0.317972
500000 -2.91945 -3.23566 -2.95028 -3.29665 0.316205
510000 -2.91952 -3.23674 -2.94482 -3.29665 0.317222
520000 -2.92597 -3.23478 -2.95066 -3.29665 0.308805
530000 -2.92212 -3.23546 -2.95279 -3.29665 0.313337
540000 -2.92263 -3.23655 -2.95014 -3.29665 0.313929
550000 -2.92081 -3.23717 -2.95339 -3.29665 0.316362
560000 -2.92343 -3.23694 -2.95579 -3.29665 0.313518
570000 -2.9265 -3.23506 -2.95628 -3.29665 0.308556
580000 -2.92685 -3.23484 -2.95533 -3.29665 0.307988
590000 -2.92551 -3.23617 -2.95507 -3.29665 0.310661
600000 -2.92624 -3.23618 -2.95349 -3.29665 0.309948
610000 -2.92821 -3.23552 -2.95772 -3.29665 0.307308
620000 -2.93011 -3.23532 -2.95742 -3.29665 0.305205
630000 -2.92783 -3.23749 -2.9565 -3.29665 0.309664
640000 -2.93029 -3.23686 -2.95923 -3.29665 0.306569
650000 -2.93111 -3.23587 -2.96003 -3.29665 0.304755
660000 -2.93173 -3.23607 -2.96124 -3.29665 0.304345
670000 -2.93072 -3.23589 -2.95478 -3.29665 0.305169
680000 -2.93243 -3.23587 -2.95899 -3.29665 0.303437
690000 -2.9308 -3.2376 -2.95842 -3.29665 0.306791
700000 -2.93292 -3.23681 -2.96174 -3.29665 0.303893
710000 -2.93359 -3.23654 -2.9619 -3.29665 0.302947
720000 -2.93553 -3.23658 -2.96493 -3.29665 0.301053
730000 -2.93427 -3.237 -2.96105 -3.29665 0.302731
740000 -2.9359 -3.23679 -2.96657 -3.29665 0.300892
750000 -2.93752 -3.23677 -2.96736 -3.29665 0.299253
760000 -2.93904 -3.23548 -2.96869 -3.29665 0.296439
770000 -2.938 -3.23778 -2.96905 -3.29665 0.299782
780000 -2.93957 -3.23622 -2.97017 -3.29665 0.296651
790000 -2.94042 -3.23704 -2.97021 -3.29665 0.296614
800000 -2.94127 -3.23641 -2.97117 -3.29665 0.295145
810000 -2.94121 -3.23762 -2.97025 -3.29665 0.29641
820000 -2.94301 -3.23647 -2.97246 -3.29665 0.293458
830000 -2.94368 -3.23671 -2.97357 -3.29665 0.293032
840000 -2.94433 -3.2366 -2.97302 -3.29665 0.292268
850000 -2.94485 -3.23655 -2.97394 -3.29665 0.291709
860000 -2.94593 -3.23645 -2.97521 -3.29665 0.290519
870000 -2.94556 -3.23743 -2.97604 -3.29665 0.291862
880000 -2.94653 -3.2373 -2.97629 -3.29665 0.290769
890000 -2.94746 -3.2372 -2.97695 -3.29665 0.289742
900000 -2.94823 -3.23703 -2.97811 -3.29665 0.2888
